2019-11-08 14:57:50 [10@vps60668]
Interne #1 : Démarrage graph
2019-11-08 14:59:12 [@vps60668]
Interne #1 : Démarrage queuednotification
2019-11-08 15:04:45 [2@vps60668]
Interne #1 : Démarrage reservation
2019-11-08 15:06:47 [@vps60668]
Interne #1 : Démarrage ticketrecurrent
2019-11-08 15:06:48 [@vps60668]
Interne #1 : Démarrage temp
2019-11-08 15:06:49 [@vps60668]
Interne #1 : Démarrage contract
2019-11-08 15:06:49 [@vps60668]
Interne #1 : Démarrage infocom
2019-11-08 15:09:40 [2@vps60668]
Interne #1 : Démarrage session
2019-11-08 15:26:06 [@vps60668]
Interne #1 : Démarrage createinquest
2019-11-08 15:31:30 [2@vps60668]
Interne #1 : Démarrage watcher
2019-11-08 15:37:47 [2@vps60668]
Interne #1 : Démarrage queuednotificationclean
2019-11-08 15:43:48 [2@vps60668]
Interne #1 : Démarrage mailgateerror
2019-11-08 15:48:03 [@vps60668]
Interne #1 : Démarrage slaticket
2019-11-08 16:07:33 [@vps60668]
Interne #1 : Démarrage planningrecall
2019-11-08 16:07:35 [@vps60668]
Interne #1 : Démarrage olaticket
2019-11-08 16:07:35 [@vps60668]
Interne #1 : Démarrage mailgate
2019-11-08 16:07:36 [@vps60668]
Interne #1 : Démarrage queuednotification
2019-11-08 16:07:37 [@vps60668]
Ne peut récupérer le verrou sur la BDD
2019-11-08 16:07:37 [@vps60668]
Interne #1 : Démarrage slaticket
2019-11-08 16:07:38 [@vps60668]
Interne #1 : Démarrage graph
2019-11-08 16:07:38 [@vps60668]
Interne #1 : Démarrage reservation
2019-11-08 16:07:40 [@vps60668]
Interne #1 : Démarrage ticketrecurrent
2019-11-08 16:07:42 [@vps60668]
Interne #1 : Démarrage temp
2019-11-08 16:07:43 [@vps60668]
Interne #1 : Rien à lancer
2019-11-08 16:07:44 [@vps60668]
Interne #1 : Rien à lancer
2019-11-08 16:08:06 [@vps60668]
Interne #1 : Démarrage queuednotification
2019-11-08 16:08:08 [@vps60668]
Interne #1 : Rien à lancer
2019-11-08 16:08:09 [@vps60668]
Interne #1 : Rien à lancer
2019-11-08 16:08:10 [@vps60668]
Interne #1 : Rien à lancer
2019-11-08 16:08:40 [@vps60668]
Interne #1 : Rien à lancer
2019-11-08 16:08:41 [@vps60668]
Interne #1 : Rien à lancer
2019-11-08 16:08:42 [@vps60668]
Interne #1 : Rien à lancer
2019-11-08 16:08:42 [@vps60668]
Interne #1 : Rien à lancer
2019-11-08 16:10:32 [2@vps60668]
Interne #1 : Démarrage queuednotification
2019-11-08 16:13:38 [7@vps60668]
Interne #1 : Démarrage queuednotification
2019-11-08 16:22:39 [7@vps60668]
Interne #1 : Démarrage slaticket
2019-11-08 16:23:56 [@vps60668]
Interne #1 : Démarrage planningrecall
2019-11-08 16:25:04 [2@vps60668]
Interne #1 : Démarrage olaticket
2019-11-08 16:26:10 [@vps60668]
Interne #1 : Démarrage queuednotification
2019-11-08 16:27:23 [@vps60668]
Interne #1 : Démarrage mailgate
2019-11-08 16:27:54 [@vps60668]
Interne #1 : Démarrage slaticket
2019-11-08 16:30:20 [@vps60668]
Interne #1 : Démarrage queuednotification
2019-11-08 16:30:44 [2@vps60668]
Interne #1 : Démarrage planningrecall
2019-11-08 16:31:28 [@vps60668]
Interne #1 : Démarrage olaticket
2019-11-08 16:35:52 [2@vps60668]
Interne #1 : Démarrage queuednotification
2019-11-08 16:36:06 [@vps60668]
Interne #1 : Démarrage slaticket
2019-11-08 16:44:58 [7@vps60668]
Interne #1 : Démarrage planningrecall
2019-11-08 17:10:25 [7@vps60668]
Interne #1 : Démarrage queuednotification
2019-11-08 17:17:22 [7@vps60668]
Interne #1 : Démarrage olaticket
2019-11-08 18:01:49 [7@vps60668]
Interne #1 : Démarrage mailgate
2019-11-08 19:12:15 [2@vps60668]
Interne #1 : Démarrage slaticket
2019-11-08 19:14:15 [@vps60668]
Interne #1 : Démarrage planningrecall
2019-11-08 19:15:22 [@vps60668]
Interne #1 : Démarrage graph
2019-11-08 19:21:21 [11@vps60668]
Interne #1 : Démarrage reservation
2019-11-08 19:23:24 [2@vps60668]
Interne #1 : Démarrage ticketrecurrent
2019-11-08 19:31:19 [2@vps60668]
Interne #1 : Démarrage temp
2019-11-08 19:37:31 [2@vps60668]
Interne #1 : Démarrage queuednotification
2019-11-08 19:42:46 [11@vps60668]
Interne #1 : Démarrage olaticket
2019-11-08 19:43:18 [2@vps60668]
Interne #1 : Démarrage mailgate
2019-11-08 19:48:43 [2@vps60668]
Interne #1 : Démarrage slaticket
2019-11-08 19:49:27 [7@vps60668]
Interne #1 : Démarrage planningrecall
2019-11-08 19:50:16 [11@vps60668]
Interne #1 : Démarrage queuednotification
2019-11-08 19:55:00 [2@vps60668]
Interne #1 : Démarrage olaticket
2019-11-08 19:59:24 [@vps60668]
Interne #1 : Démarrage queuednotification
2019-11-08 20:00:59 [@vps60668]
Interne #1 : Démarrage mailgate
2019-11-08 20:03:06 [@vps60668]
Interne #1 : Démarrage slaticket
2019-11-08 20:05:16 [@vps60668]
Interne #1 : Démarrage planningrecall
2019-11-08 20:09:14 [@vps60668]
Interne #1 : Démarrage queuednotification
2019-11-08 20:16:08 [@vps60668]
Interne #1 : Démarrage olaticket
2019-11-08 20:16:20 [@vps60668]
Interne #1 : Démarrage slaticket
2019-11-08 20:19:24 [7@vps60668]
Interne #1 : Démarrage mailgate
2019-11-08 20:19:26 [@vps60668]
Interne #1 : Démarrage planningrecall
2019-11-08 20:20:15 [@vps60668]
Interne #1 : Démarrage queuednotification
2019-11-08 20:23:57 [12@vps60668]
Interne #1 : Démarrage graph
2019-11-08 20:26:08 [14@vps60668]
Interne #1 : Démarrage reservation
2019-11-08 20:28:16 [13@vps60668]
Interne #1 : Démarrage slaticket
2019-11-08 20:33:31 [13@vps60668]
Interne #1 : Démarrage queuednotification
2019-11-08 20:36:44 [@vps60668]
Interne #1 : Démarrage olaticket
2019-11-08 20:47:48 [13@vps60668]
Interne #1 : Démarrage ticketrecurrent
2019-11-08 20:48:22 [@vps60668]
Interne #1 : Démarrage planningrecall
2019-11-08 20:51:42 [@vps60668]
Interne #1 : Démarrage mailgate
2019-11-08 20:58:31 [2@vps60668]
Interne #1 : Démarrage temp
2019-11-08 21:22:22 [@vps60668]
Interne #1 : Démarrage slaticket
2019-11-08 21:22:22 [@vps60668]
Interne #1 : Démarrage queuednotification
2019-11-08 21:22:23 [@vps60668]
Interne #1 : Démarrage olaticket
2019-11-08 21:22:23 [@vps60668]
Interne #1 : Démarrage planningrecall
2019-11-08 21:22:32 [2@vps60668]
Interne #1 : Démarrage mailgate
2019-11-08 21:35:26 [2@vps60668]
Interne #1 : Démarrage queuednotification
2019-11-08 21:40:41 [2@vps60668]
Interne #1 : Démarrage reservation
2019-11-08 22:10:03 [2@vps60668]
Interne #1 : Démarrage slaticket
2019-11-08 22:22:42 [@vps60668]
Interne #1 : Démarrage planningrecall
2019-11-08 22:22:43 [@vps60668]
Interne #1 : Démarrage olaticket
2019-11-08 22:22:44 [@vps60668]
Interne #1 : Démarrage mailgate
2019-11-08 22:22:45 [@vps60668]
Interne #1 : Démarrage queuednotification
2019-11-08 22:23:33 [@vps60668]
Interne #1 : Démarrage ticketrecurrent
2019-11-08 22:23:34 [@vps60668]
Interne #1 : Démarrage temp
2019-11-08 22:23:35 [@vps60668]
Interne #1 : Démarrage slaticket
2019-11-08 22:23:35 [@vps60668]
Interne #1 : Démarrage queuednotification
2019-11-08 22:38:46 [@vps60668]
Interne #1 : Démarrage queuednotification
2019-11-08 22:45:08 [2@vps60668]
Interne #1 : Démarrage planningrecall
2019-11-09 00:43:16 [2@vps60668]
Interne #1 : Démarrage olaticket
2019-11-09 00:52:08 [2@vps60668]
Interne #1 : Démarrage slaticket
2019-11-09 01:10:42 [2@vps60668]
Interne #1 : Démarrage graph
2019-11-09 01:18:59 [2@vps60668]
Interne #1 : Démarrage mailgate
2019-11-09 01:19:00 [2@vps60668]
Interne #1 : Démarrage queuednotification
2019-11-09 01:24:47 [2@vps60668]
Interne #1 : Démarrage reservation
2019-11-09 07:59:03 [@vps60668]
Interne #1 : Démarrage planningrecall
2019-11-09 08:06:20 [2@vps60668]
Interne #1 : Démarrage ticketrecurrent
2019-11-09 08:06:21 [2@vps60668]
Interne #1 : Démarrage temp
2019-11-09 08:11:54 [2@vps60668]
Interne #1 : Démarrage closeticket
2019-11-09 08:50:31 [2@vps60668]
Interne #1 : Démarrage alertnotclosed
2019-11-09 08:56:23 [2@vps60668]
Interne #1 : Démarrage olaticket
2019-11-09 10:32:41 [@vps60668]
Interne #1 : Démarrage slaticket
2019-11-09 10:37:48 [2@vps60668]
Interne #1 : Démarrage queuednotification
2019-11-09 10:44:47 [@vps60668]
Interne #1 : Démarrage mailgate
2019-11-09 10:47:34 [2@vps60668]
Interne #1 : Démarrage graph
2019-11-09 10:54:56 [2@vps60668]
Interne #1 : Démarrage reservation
2019-11-09 11:01:28 [2@vps60668]
Interne #1 : Démarrage planningrecall
2019-11-09 11:15:37 [2@vps60668]
Interne #1 : Démarrage olaticket
2019-11-09 11:22:26 [2@vps60668]
Interne #1 : Démarrage ticketrecurrent
2019-11-09 11:22:29 [@vps60668]
Interne #1 : Démarrage temp
2019-11-09 11:22:46 [@vps60668]
Interne #1 : Démarrage slaticket
2019-11-09 11:45:25 [10@vps60668]
Interne #1 : Démarrage queuednotification
2019-11-09 11:51:56 [10@vps60668]
Interne #1 : Démarrage mailgate
2019-11-09 11:57:24 [10@vps60668]
Interne #1 : Démarrage planningrecall
2019-11-09 12:10:19 [10@vps60668]
Interne #1 : Démarrage olaticket
2019-11-09 13:33:41 [10@vps60668]
Interne #1 : Démarrage slaticket
2019-11-09 18:03:02 [10@vps60668]
Interne #1 : Démarrage queuednotification
2019-11-09 18:03:59 [@vps60668]
Interne #1 : Démarrage graph
2019-11-09 18:05:51 [@vps60668]
Interne #1 : Démarrage reservation
2019-11-09 18:09:17 [@vps60668]
Interne #1 : Démarrage mailgate
2019-11-09 18:11:28 [@vps60668]
Interne #1 : Démarrage planningrecall
2019-11-09 18:25:15 [12@vps60668]
Interne #1 : Démarrage olaticket
2019-11-09 18:48:14 [@vps60668]
Interne #1 : Démarrage ticketrecurrent
2019-11-09 18:48:16 [@vps60668]
Interne #1 : Démarrage temp
2019-11-09 18:48:16 [@vps60668]
Interne #1 : Démarrage slaticket
2019-11-09 18:48:17 [@vps60668]
Interne #1 : Démarrage contract
2019-11-09 18:48:17 [@vps60668]
Interne #1 : Démarrage infocom
2019-11-09 18:48:18 [2@vps60668]
Interne #1 : Démarrage session
2019-11-09 18:48:20 [@vps60668]
Interne #1 : Démarrage createinquest
2019-11-09 18:48:42 [2@vps60668]
Interne #1 : Démarrage watcher
2019-11-09 18:54:00 [2@vps60668]
Interne #1 : Démarrage queuednotificationclean
2019-11-09 22:30:16 [2@vps60668]
Interne #1 : Démarrage mailgateerror
2019-11-09 23:20:50 [2@vps60668]
Interne #1 : Démarrage queuednotification
2019-11-09 23:26:09 [2@vps60668]
Interne #1 : Démarrage planningrecall
2019-11-09 23:31:19 [2@vps60668]
Interne #1 : Démarrage mailgate
2019-11-09 23:31:30 [@vps60668]
Interne #1 : Démarrage olaticket
2019-11-09 23:36:50 [7@vps60668]
Interne #1 : Démarrage slaticket
2019-11-09 23:37:17 [@vps60668]
Interne #1 : Démarrage graph
2019-11-09 23:38:01 [@vps60668]
Interne #1 : Démarrage reservation
2019-11-09 23:40:38 [@vps60668]
Interne #1 : Démarrage ticketrecurrent
2019-11-09 23:45:03 [@vps60668]
Interne #1 : Démarrage temp
2019-11-09 23:46:21 [@vps60668]
Interne #1 : Démarrage closeticket
2019-11-09 23:51:33 [@vps60668]
Interne #1 : Démarrage alertnotclosed
2019-11-09 23:57:09 [7@vps60668]
Interne #1 : Démarrage queuednotification
2019-11-09 23:57:48 [@vps60668]
Interne #1 : Démarrage planningrecall
2019-11-09 23:58:06 [@vps60668]
Interne #1 : Démarrage olaticket
2019-11-10 12:03:01 [@vps60668]
Interne #1 : Démarrage mailgate
2019-11-10 12:07:02 [@vps60668]
Interne #1 : Démarrage slaticket
2019-11-10 12:09:45 [@vps60668]
Interne #1 : Démarrage queuednotification
2019-11-10 12:16:23 [12@vps60668]
Interne #1 : Démarrage planningrecall
2019-11-10 12:16:54 [@vps60668]
Interne #1 : Démarrage olaticket
2019-11-10 12:17:24 [@vps60668]
Interne #1 : Démarrage graph
2019-11-10 12:17:55 [@vps60668]
Interne #1 : Démarrage reservation
2019-11-10 12:25:06 [2@vps60668]
Interne #1 : Démarrage ticketrecurrent
2019-11-10 12:28:51 [@vps60668]
Interne #1 : Démarrage temp
2019-11-10 12:29:31 [@vps60668]
Interne #1 : Démarrage closeticket
2019-11-10 12:30:38 [@vps60668]
Interne #1 : Démarrage alertnotclosed
2019-11-10 12:31:25 [@vps60668]
Interne #1 : Démarrage queuednotification
2019-11-10 12:32:46 [@vps60668]
Interne #1 : Démarrage slaticket
2019-11-10 12:38:23 [13@vps60668]
Interne #1 : Démarrage mailgate
2019-11-10 12:38:40 [@vps60668]
Interne #1 : Démarrage planningrecall
2019-11-10 12:40:37 [@vps60668]
Interne #1 : Démarrage olaticket
2019-11-10 12:53:18 [@vps60668]
Interne #1 : Démarrage queuednotification
2019-11-10 12:58:12 [@vps60668]
Interne #1 : Démarrage slaticket
2019-11-10 13:01:09 [@vps60668]
Interne #1 : Démarrage planningrecall
2019-11-10 13:02:55 [@vps60668]
Interne #1 : Démarrage olaticket
2019-11-10 13:05:27 [@vps60668]
Interne #1 : Démarrage mailgate
2019-11-10 13:06:43 [@vps60668]
Interne #1 : Démarrage queuednotification
2019-11-10 13:08:18 [@vps60668]
Interne #1 : Démarrage slaticket
2019-11-10 13:09:00 [@vps60668]
Interne #1 : Démarrage planningrecall
2019-11-10 13:10:33 [@vps60668]
Interne #1 : Démarrage queuednotification
2019-11-10 13:11:34 [@vps60668]
Interne #1 : Démarrage olaticket
2019-11-10 13:12:30 [@vps60668]
Interne #1 : Démarrage queuednotification
2019-11-10 13:12:43 [@vps60668]
Interne #1 : Rien à lancer
2019-11-10 13:14:12 [@vps60668]
Interne #1 : Démarrage slaticket
2019-11-10 13:16:09 [@vps60668]
Interne #1 : Démarrage queuednotification
2019-11-10 13:18:17 [@vps60668]
Interne #1 : Démarrage planningrecall
2019-11-10 16:33:18 [@vps60668]
Interne #1 : Démarrage mailgate
2019-11-10 16:33:44 [@vps60668]
Interne #1 : Démarrage olaticket
2019-11-10 16:36:09 [5@vps60668]
Interne #1 : Démarrage graph
2019-11-10 16:36:29 [@vps60668]
Interne #1 : Démarrage reservation
2019-11-10 16:44:50 [2@vps60668]
Interne #1 : Démarrage queuednotification
2019-11-10 16:44:59 [12@vps60668]
Interne #1 : Démarrage slaticket
2019-11-10 16:51:21 [@vps60668]
Interne #1 : Démarrage planningrecall
2019-11-10 16:51:22 [@vps60668]
Interne #1 : Démarrage ticketrecurrent
2019-11-10 16:51:22 [@vps60668]
Interne #1 : Démarrage temp
2019-11-10 16:51:22 [@vps60668]
Interne #1 : Démarrage olaticket
2019-11-10 16:51:23 [12@vps60668]
Interne #1 : Démarrage mailgate
2019-11-10 16:51:23 [@vps60668]
Interne #1 : Démarrage queuednotification
2019-11-10 16:51:24 [@vps60668]
Interne #1 : Démarrage slaticket
2019-11-10 16:51:50 [@vps60668]
Interne #1 : Rien à lancer
2019-11-10 16:51:50 [@vps60668]
Interne #1 : Rien à lancer
2019-11-10 16:51:51 [@vps60668]
Interne #1 : Rien à lancer
2019-11-10 16:51:51 [12@vps60668]
Interne #1 : Rien à lancer
2019-11-10 16:51:52 [@vps60668]
Interne #1 : Rien à lancer
2019-11-10 16:51:53 [@vps60668]
Interne #1 : Rien à lancer
2019-11-10 16:52:22 [2@vps60668]
Interne #1 : Démarrage queuednotification
2019-11-10 16:55:16 [@vps60668]
Interne #1 : Démarrage queuednotification
2019-11-10 16:56:15 [@vps60668]
Interne #1 : Démarrage slaticket
2019-11-10 16:56:15 [@vps60668]
Interne #1 : Démarrage planningrecall
2019-11-10 16:56:16 [@vps60668]
Interne #1 : Démarrage queuednotification
2019-11-10 16:56:16 [@vps60668]
Interne #1 : Démarrage olaticket
2019-11-10 16:56:16 [@vps60668]
Interne #1 : Rien à lancer
2019-11-10 16:56:16 [@vps60668]
Interne #1 : Rien à lancer
2019-11-10 16:56:17 [@vps60668]
Interne #1 : Rien à lancer
2019-11-10 16:56:17 [@vps60668]
Interne #1 : Rien à lancer
2019-11-10 16:56:17 [@vps60668]
Interne #1 : Rien à lancer
2019-11-10 16:56:19 [@vps60668]
Interne #1 : Rien à lancer
2019-11-10 16:56:19 [12@vps60668]
Interne #1 : Rien à lancer
2019-11-10 16:56:19 [@vps60668]
Interne #1 : Rien à lancer
2019-11-10 16:56:19 [@vps60668]
Interne #1 : Rien à lancer
2019-11-10 16:59:35 [2@vps60668]
Interne #1 : Démarrage queuednotification
2019-11-10 17:01:18 [13@vps60668]
Interne #1 : Démarrage queuednotification
2019-11-10 17:06:10 [12@vps60668]
Interne #1 : Démarrage mailgate
2019-11-10 17:06:17 [@vps60668]
Interne #1 : Démarrage slaticket
2019-11-10 17:06:49 [@vps60668]
Interne #1 : Démarrage planningrecall
2019-11-10 17:08:19 [2@vps60668]
Interne #1 : Démarrage olaticket
2019-11-10 17:08:35 [13@vps60668]
Interne #1 : Démarrage queuednotification
2019-11-10 17:11:24 [@vps60668]
Interne #1 : Démarrage queuednotification
2019-11-10 17:14:37 [@vps60668]
Interne #1 : Démarrage slaticket
2019-11-10 17:21:43 [10@vps60668]
Interne #1 : Démarrage planningrecall
2019-11-10 17:22:44 [13@vps60668]
Interne #1 : Démarrage queuednotification
2019-11-10 17:27:19 [10@vps60668]
Interne #1 : Démarrage olaticket
2019-11-10 17:28:03 [13@vps60668]
Interne #1 : Démarrage mailgate
2019-11-10 17:33:09 [13@vps60668]
Interne #1 : Démarrage slaticket
2019-11-10 17:34:05 [10@vps60668]
Interne #1 : Démarrage queuednotification
2019-11-10 17:38:35 [@vps60668]
Interne #1 : Démarrage planningrecall
2019-11-10 17:41:58 [12@vps60668]
Interne #1 : Démarrage olaticket
2019-11-10 17:42:47 [@vps60668]
Interne #1 : Démarrage queuednotification
2019-11-10 17:44:46 [10@vps60668]
Interne #1 : Démarrage graph
2019-11-10 17:45:14 [@vps60668]
Interne #1 : Démarrage reservation
2019-11-10 17:46:37 [@vps60668]
Interne #1 : Démarrage mailgate
2019-11-10 17:47:02 [@vps60668]
Interne #1 : Démarrage slaticket
2019-11-10 17:48:45 [@vps60668]
Interne #1 : Démarrage planningrecall
2019-11-10 17:52:31 [2@vps60668]
Interne #1 : Démarrage queuednotification
2019-11-10 17:56:08 [@vps60668]
Interne #1 : Démarrage olaticket
2019-11-10 17:58:30 [@vps60668]
Interne #1 : Démarrage ticketrecurrent
2019-11-10 17:58:49 [12@vps60668]
Interne #1 : Démarrage temp
2019-11-10 18:08:59 [12@vps60668]
Interne #1 : Démarrage slaticket
2019-11-10 19:15:55 [13@vps60668]
Interne #1 : Démarrage planningrecall
2019-11-10 19:16:27 [@vps60668]
Interne #1 : Démarrage queuednotification
2019-11-10 19:34:31 [10@vps60668]
Interne #1 : Démarrage mailgate
2019-11-10 19:40:10 [10@vps60668]
Interne #1 : Démarrage olaticket
2019-11-10 19:45:11 [10@vps60668]
Interne #1 : Démarrage slaticket
2019-11-10 19:50:24 [10@vps60668]
Interne #1 : Démarrage graph
2019-11-10 19:59:07 [10@vps60668]
Interne #1 : Démarrage reservation
2019-11-10 21:18:44 [10@vps60668]
Interne #1 : Démarrage contract
2019-11-10 21:25:26 [10@vps60668]
Interne #1 : Démarrage infocom
2019-11-10 21:30:43 [10@vps60668]
Interne #1 : Démarrage session
2019-11-10 21:36:10 [10@vps60668]
Interne #1 : Démarrage createinquest
2019-11-10 21:41:38 [10@vps60668]
Interne #1 : Démarrage watcher
2019-11-10 21:47:47 [10@vps60668]
Interne #1 : Démarrage queuednotificationclean
2019-11-10 22:54:26 [10@vps60668]
Interne #1 : Démarrage ticketrecurrent
2019-11-10 22:59:45 [10@vps60668]
Interne #1 : Démarrage temp
2019-11-10 23:08:29 [@vps60668]
Interne #1 : Démarrage queuednotification
2019-11-10 23:14:08 [2@vps60668]
Interne #1 : Démarrage planningrecall
2019-11-10 23:18:04 [@vps60668]
Interne #1 : Démarrage mailgate
2019-11-10 23:20:31 [10@vps60668]
Interne #1 : Démarrage olaticket
2019-11-10 23:29:17 [@vps60668]
Interne #1 : Démarrage slaticket
2019-11-10 23:30:29 [@vps60668]
Interne #1 : Démarrage graph
2019-11-10 23:32:16 [@vps60668]
Interne #1 : Démarrage reservation
2019-11-10 23:35:01 [@vps60668]
Interne #1 : Démarrage mailgateerror
2019-11-10 23:36:12 [@vps60668]
Interne #1 : Démarrage queuednotification
2019-11-10 23:37:43 [@vps60668]
Interne #1 : Démarrage planningrecall
2019-11-10 23:42:12 [@vps60668]
Interne #1 : Démarrage olaticket
2019-11-10 23:43:11 [@vps60668]
Interne #1 : Démarrage mailgate
2019-11-10 23:45:05 [@vps60668]
Interne #1 : Démarrage slaticket
2019-11-10 23:46:00 [@vps60668]
Interne #1 : Démarrage queuednotification
2019-11-10 23:48:18 [@vps60668]
Interne #1 : Démarrage planningrecall
2019-11-10 23:50:28 [@vps60668]
Interne #1 : Démarrage queuednotification
2019-11-10 23:52:44 [@vps60668]
Interne #1 : Démarrage olaticket
2019-11-10 23:54:16 [@vps60668]
Interne #1 : Démarrage slaticket
2019-11-10 23:56:16 [@vps60668]
Interne #1 : Démarrage queuednotification
2019-11-10 23:57:26 [@vps60668]
Interne #1 : Démarrage mailgate
2019-11-11 00:03:05 [10@vps60668]
Interne #1 : Démarrage planningrecall
2019-11-11 00:04:15 [@vps60668]
Interne #1 : Démarrage ticketrecurrent
2019-11-11 00:05:00 [@vps60668]
Interne #1 : Démarrage queuednotification
2019-11-11 00:07:03 [@vps60668]
Interne #1 : Démarrage olaticket
2019-11-11 00:08:10 [@vps60668]
Interne #1 : Démarrage slaticket
2019-11-11 07:31:44 [@vps60668]
Interne #1 : Démarrage temp
2019-11-11 08:22:00 [@vps60668]
Interne #1 : Démarrage queuednotification
2019-11-11 10:35:37 [@vps60668]
Interne #1 : Démarrage mailgate
2019-11-11 10:35:38 [@vps60668]
Interne #1 : Démarrage planningrecall
2019-11-11 10:40:00 [@vps60668]
Interne #1 : Démarrage olaticket
2019-11-11 10:41:32 [@vps60668]
Interne #1 : Démarrage slaticket
2019-11-11 10:46:54 [2@vps60668]
Interne #1 : Démarrage closeticket
2019-11-11 10:51:47 [@vps60668]
Interne #1 : Démarrage graph
2019-11-11 14:15:51 [@vps60668]
Interne #1 : Démarrage alertnotclosed
2019-11-11 14:15:51 [@vps60668]
Ne peut récupérer le verrou sur la BDD
2019-11-11 14:15:51 [@vps60668]
Interne #1 : Démarrage reservation
2019-11-11 14:15:51 [@vps60668]
Interne #1 : Démarrage ticketrecurrent
2019-11-11 14:15:51 [@vps60668]
Interne #1 : Démarrage queuednotification
2019-11-11 14:15:52 [@vps60668]
Ne peut récupérer le verrou sur la BDD
2019-11-11 14:15:52 [@vps60668]
Interne #1 : Démarrage temp
2019-11-11 14:15:52 [@vps60668]
Interne #1 : Démarrage planningrecall
2019-11-11 14:15:54 [@vps60668]
Interne #1 : Démarrage mailgate
2019-11-11 14:15:54 [@vps60668]
Interne #1 : Démarrage olaticket
2019-11-11 16:12:49 [@vps60668]
Interne #1 : Démarrage slaticket
2019-11-11 16:14:19 [@vps60668]
Interne #1 : Démarrage graph
2019-11-11 16:18:08 [@vps60668]
Interne #1 : Démarrage queuednotification
2019-11-11 16:18:57 [@vps60668]
Interne #1 : Démarrage planningrecall
2019-11-11 16:58:47 [@vps60668]
Interne #1 : Démarrage olaticket
2019-11-11 17:10:04 [12@vps60668]
Interne #1 : Démarrage mailgate
2019-11-11 17:10:32 [@vps60668]
Interne #1 : Démarrage reservation
2019-11-11 17:11:18 [@vps60668]
Interne #1 : Démarrage ticketrecurrent
2019-11-11 18:17:26 [@vps60668]
Interne #1 : Démarrage temp
2019-11-11 18:34:06 [@vps60668]
Interne #1 : Démarrage mailgate
2019-11-11 18:44:57 [@vps60668]
Interne #1 : Démarrage reservation
2019-11-11 18:47:15 [@vps60668]
Interne #1 : Démarrage ticketrecurrent
2019-11-11 19:46:18 [@vps60668]
Interne #1 : Démarrage slaticket
2019-11-11 19:46:52 [@vps60668]
Interne #1 : Démarrage queuednotification
2019-11-11 19:48:38 [@vps60668]
Interne #1 : Démarrage temp
2019-11-11 20:00:46 [2@vps60668]
Interne #1 : Démarrage createinquest
2019-11-11 20:01:08 [@vps60668]
Interne #1 : Démarrage watcher
2019-11-11 20:01:15 [@vps60668]
Interne #1 : Démarrage ticketrecurrent
2019-11-11 20:02:06 [@vps60668]
Interne #1 : Démarrage planningrecall
2019-11-11 20:02:13 [@vps60668]
Interne #1 : Démarrage queuednotification
2019-11-11 20:03:22 [@vps60668]
Interne #1 : Démarrage queuednotificationclean
2019-11-11 20:03:33 [@vps60668]
Interne #1 : Démarrage temp
2019-11-11 20:08:34 [@vps60668]
Interne #1 : Démarrage mailgateerror
2019-11-11 20:14:51 [2@vps60668]
Interne #1 : Démarrage contract
2019-11-11 20:20:33 [2@vps60668]
Interne #1 : Démarrage infocom
2019-11-11 20:22:19 [@vps60668]
Interne #1 : Démarrage mailgate
2019-11-11 20:25:22 [@vps60668]
Interne #1 : Démarrage session
2019-11-11 20:25:31 [@vps60668]
Interne #1 : Démarrage graph
2019-11-11 20:27:28 [@vps60668]
Interne #1 : Démarrage reservation
2019-11-11 20:27:48 [@vps60668]
Interne #1 : Démarrage closeticket
2019-11-11 20:28:29 [@vps60668]
Interne #1 : Démarrage alertnotclosed
2019-11-11 20:30:00 [@vps60668]
Interne #1 : Démarrage slaticket
2019-11-11 20:30:19 [@vps60668]
Interne #1 : Démarrage olaticket
2019-11-11 20:31:38 [@vps60668]
Interne #1 : Démarrage queuednotification
2019-11-11 20:34:51 [@vps60668]
Interne #1 : Démarrage planningrecall
2019-11-11 20:36:21 [@vps60668]
Interne #1 : Démarrage mailgate
2019-11-11 20:39:30 [@vps60668]
Interne #1 : Démarrage queuednotification
2019-11-11 20:41:08 [@vps60668]
Interne #1 : Démarrage slaticket
2019-11-11 20:44:07 [@vps60668]
Interne #1 : Démarrage olaticket
2019-11-11 20:49:17 [2@vps60668]
Interne #1 : Démarrage planningrecall
2019-11-11 20:54:19 [2@vps60668]
Interne #1 : Démarrage queuednotification
2019-11-11 20:54:24 [@vps60668]
Interne #1 : Démarrage mailgate
2019-11-11 20:57:04 [@vps60668]
Interne #1 : Démarrage slaticket
2019-11-11 20:57:27 [@vps60668]
Interne #1 : Démarrage olaticket
2019-11-11 20:58:15 [@vps60668]
Interne #1 : Démarrage planningrecall
2019-11-11 21:03:46 [2@vps60668]
Interne #1 : Démarrage queuednotification
2019-11-11 21:19:40 [2@vps60668]
Interne #1 : Démarrage ticketrecurrent
2019-11-11 21:22:51 [@vps60668]
Interne #1 : Démarrage slaticket
2019-11-11 21:25:40 [@vps60668]
Interne #1 : Démarrage olaticket
2019-11-11 21:26:09 [2@vps60668]
Interne #1 : Démarrage planningrecall
2019-11-11 21:26:26 [@vps60668]
Interne #1 : Démarrage temp
2019-11-11 21:26:35 [@vps60668]
Interne #1 : Démarrage mailgate
2019-11-11 21:32:16 [2@vps60668]
Interne #1 : Démarrage queuednotification
2019-11-11 21:37:19 [2@vps60668]
Interne #1 : Démarrage graph
2019-11-11 22:44:10 [2@vps60668]
Interne #1 : Démarrage reservation
2019-11-12 07:15:15 [2@vps60668]
Interne #1 : Démarrage slaticket
2019-11-12 07:15:27 [@vps60668]
Interne #1 : Démarrage olaticket
2019-11-12 07:15:51 [@vps60668]
Interne #1 : Démarrage planningrecall
2019-11-12 07:21:55 [2@vps60668]
Interne #1 : Démarrage queuednotification
2019-11-12 07:27:20 [2@vps60668]
Interne #1 : Démarrage mailgate
2019-11-12 07:32:28 [2@vps60668]
Interne #1 : Démarrage ticketrecurrent
2019-11-12 07:35:47 [@vps60668]
Interne #1 : Démarrage temp
2019-11-12 07:37:10 [@vps60668]
Interne #1 : Démarrage graph
2019-11-12 07:40:38 [@vps60668]
Interne #1 : Démarrage reservation
2019-11-12 07:40:56 [@vps60668]
Interne #1 : Démarrage slaticket
2019-11-12 07:41:07 [@vps60668]
Interne #1 : Démarrage planningrecall
2019-11-12 07:43:25 [@vps60668]
Interne #1 : Démarrage olaticket
2019-11-12 08:01:58 [2@vps60668]
Interne #1 : Démarrage queuednotification
2019-11-12 08:10:00 [2@vps60668]
Interne #1 : Démarrage mailgate
2019-11-12 08:32:37 [2@vps60668]
Interne #1 : Démarrage slaticket
2019-11-12 08:34:14 [@vps60668]
Interne #1 : Démarrage planningrecall
2019-11-12 08:34:16 [@vps60668]
Interne #1 : Démarrage olaticket
2019-11-12 08:34:16 [@vps60668]
Interne #1 : Démarrage queuednotification
2019-11-12 08:34:17 [@vps60668]
Interne #1 : Démarrage mailgate
2019-11-12 08:34:17 [@vps60668]
Ne peut récupérer le verrou sur la BDD
2019-11-12 08:34:17 [@vps60668]
Interne #1 : Démarrage closeticket
2019-11-12 08:34:19 [@vps60668]
Interne #1 : Démarrage alertnotclosed
2019-11-12 08:34:21 [@vps60668]
Interne #1 : Démarrage ticketrecurrent
2019-11-12 08:34:23 [@vps60668]
Interne #1 : Rien à lancer
2019-11-12 08:34:25 [@vps60668]
Interne #1 : Rien à lancer
2019-11-12 08:34:25 [2@vps60668]
Interne #1 : Rien à lancer
2019-11-12 08:54:01 [2@vps60668]
Interne #1 : Démarrage queuednotification
2019-11-12 09:13:46 [2@vps60668]
Interne #1 : Démarrage temp
2019-11-12 09:29:58 [2@vps60668]
Interne #1 : Démarrage graph
2019-11-12 09:37:11 [2@vps60668]
Interne #1 : Démarrage slaticket
2019-11-12 09:42:37 [2@vps60668]
Interne #1 : Démarrage planningrecall
2019-11-12 09:43:25 [@vps60668]
Interne #1 : Démarrage olaticket
2019-11-12 09:43:26 [@vps60668]
Interne #1 : Démarrage reservation
2019-11-12 09:43:26 [@vps60668]
Ne peut récupérer le verrou sur la BDD
2019-11-12 09:43:26 [@vps60668]
Interne #1 : Démarrage mailgate
2019-11-12 09:43:27 [@vps60668]
Interne #1 : Démarrage queuednotification
2019-11-12 09:43:29 [@vps60668]
Interne #1 : Démarrage ticketrecurrent
2019-11-12 09:43:30 [@vps60668]
Interne #1 : Démarrage slaticket
2019-11-12 09:43:30 [@vps60668]
Interne #1 : Rien à lancer
2019-11-12 09:43:31 [@vps60668]
Interne #1 : Rien à lancer
2019-11-12 09:43:33 [@vps60668]
Interne #1 : Rien à lancer
2019-11-12 09:43:50 [@vps60668]
Interne #1 : Rien à lancer
2019-11-12 09:51:18 [2@vps60668]
Interne #1 : Démarrage queuednotification
2019-11-12 10:01:30 [2@vps60668]
Interne #1 : Démarrage planningrecall
2019-11-12 10:07:02 [2@vps60668]
Interne #1 : Démarrage slaticket
2019-11-12 10:15:13 [2@vps60668]
Interne #1 : Démarrage olaticket
2019-11-12 10:27:51 [2@vps60668]
Interne #1 : Démarrage queuednotification
2019-11-12 10:36:00 [2@vps60668]
Interne #1 : Démarrage mailgate
2019-11-12 10:58:37 [2@vps60668]
Interne #1 : Démarrage planningrecall
2019-11-12 11:47:50 [@vps60668]
Interne #1 : Démarrage slaticket
2019-11-12 13:42:08 [2@vps60668]
Interne #1 : Démarrage temp
2019-11-12 13:56:25 [2@vps60668]
Interne #1 : Démarrage olaticket
2019-11-12 14:08:08 [@vps60668]
Interne #1 : Démarrage queuednotification
2019-11-12 14:13:31 [2@vps60668]
Interne #1 : Démarrage graph
2019-11-12 14:18:33 [2@vps60668]
Interne #1 : Démarrage reservation
2019-11-12 14:25:12 [2@vps60668]
Interne #1 : Démarrage ticketrecurrent
2019-11-12 14:30:20 [@vps60668]
Interne #1 : Démarrage mailgate
2019-11-12 14:30:37 [@vps60668]
Interne #1 : Démarrage planningrecall
2019-11-12 14:31:31 [@vps60668]
Interne #1 : Démarrage slaticket
2019-11-12 14:31:31 [@vps60668]
Interne #1 : Démarrage olaticket
2019-11-12 14:36:45 [2@vps60668]
Interne #1 : Démarrage queuednotification
2019-11-12 14:38:14 [@vps60668]
Interne #1 : Démarrage planningrecall
2019-11-12 14:39:38 [@vps60668]
Interne #1 : Démarrage slaticket
2019-11-12 14:44:28 [@vps60668]
Interne #1 : Démarrage olaticket
2019-11-12 14:50:11 [2@vps60668]
Interne #1 : Démarrage queuednotification
2019-11-12 14:50:15 [@vps60668]
Interne #1 : Démarrage mailgate
2019-11-12 14:50:49 [@vps60668]
Interne #1 : Démarrage temp
2019-11-12 14:56:59 [2@vps60668]
Interne #1 : Démarrage planningrecall
2019-11-12 14:58:52 [@vps60668]
Interne #1 : Démarrage slaticket
2019-11-12 14:59:27 [@vps60668]
Interne #1 : Démarrage olaticket
2019-11-12 14:59:43 [@vps60668]
Interne #1 : Démarrage queuednotification
2019-11-12 15:03:33 [@vps60668]
Interne #1 : Démarrage mailgate
2019-11-12 15:03:34 [@vps60668]
Interne #1 : Démarrage queuednotification
2019-11-12 15:09:45 [@vps60668]
Interne #1 : Démarrage planningrecall
2019-11-12 16:03:20 [2@vps60668]
Interne #1 : Démarrage slaticket
2019-11-12 16:03:51 [@vps60668]
Interne #1 : Démarrage queuednotification
2019-11-12 16:17:55 [@vps60668]
Interne #1 : Démarrage olaticket
2019-11-12 16:17:55 [@vps60668]
Interne #1 : Démarrage mailgate
2019-11-12 16:17:55 [@vps60668]
Ne peut récupérer le verrou sur la BDD
2019-11-12 16:17:55 [@vps60668]
Interne #1 : Démarrage graph
2019-11-12 16:17:55 [@vps60668]
Interne #1 : Démarrage planningrecall
2019-11-12 16:17:55 [@vps60668]
Ne peut récupérer le verrou sur la BDD
2019-11-12 16:17:55 [@vps60668]
Interne #1 : Démarrage reservation
2019-11-12 16:17:59 [@vps60668]
Interne #1 : Démarrage ticketrecurrent
2019-11-12 16:18:00 [@vps60668]
Interne #1 : Démarrage temp
2019-11-12 16:18:04 [@vps60668]
Interne #1 : Démarrage queuednotification
2019-11-12 16:18:12 [@vps60668]
Interne #1 : Démarrage slaticket
2019-11-12 16:18:18 [@vps60668]
Interne #1 : Rien à lancer
2019-11-12 16:50:23 [2@vps60668]
Interne #1 : Démarrage queuednotification
2019-11-12 16:54:51 [@vps60668]
Interne #1 : Démarrage planningrecall
2019-11-12 17:02:20 [9@vps60668]
Interne #1 : Démarrage olaticket
2019-11-12 17:07:21 [9@vps60668]
Interne #1 : Démarrage slaticket
2019-11-12 17:28:36 [9@vps60668]
Interne #1 : Démarrage mailgate
2019-11-12 17:40:55 [9@vps60668]
Interne #1 : Démarrage queuednotification
2019-11-12 20:28:30 [9@vps60668]
Interne #1 : Démarrage planningrecall
2019-11-12 20:31:02 [2@vps60668]
Interne #1 : Démarrage olaticket
2019-11-13 10:39:59 [2@vps60668]
Interne #1 : Démarrage mailgate
2019-11-13 10:50:13 [2@vps60668]
Interne #1 : Démarrage reservation
2019-11-13 11:04:36 [2@vps60668]
Interne #1 : Démarrage planningrecall
2019-11-13 11:07:32 [@vps60668]
Interne #1 : Démarrage queuednotification
2019-11-13 11:08:33 [@vps60668]
Interne #1 : Démarrage ticketrecurrent
2019-11-13 11:13:29 [@vps60668]
Interne #1 : Démarrage olaticket
2019-11-13 11:17:42 [@vps60668]
Interne #1 : Démarrage slaticket
2019-11-13 11:18:04 [@vps60668]
Interne #1 : Démarrage temp
2019-11-13 11:18:25 [@vps60668]
Interne #1 : Démarrage mailgate
2019-11-13 11:18:44 [@vps60668]
Interne #1 : Démarrage closeticket
2019-11-13 11:24:14 [2@vps60668]
Interne #1 : Démarrage alertnotclosed
2019-11-13 11:29:37 [@vps60668]
Interne #1 : Démarrage graph
2019-11-13 11:36:02 [@vps60668]
Interne #1 : Démarrage queuednotification
2019-11-15 15:50:09 [15@vps60668]
Interne #1 : Démarrage slaticket
2019-11-15 15:52:47 [2@vps60668]
Interne #1 : Démarrage planningrecall
2019-11-15 15:55:16 [15@vps60668]
Interne #1 : Démarrage graph
2019-11-15 15:57:24 [@vps60668]
Interne #1 : Démarrage reservation
2019-11-15 15:58:47 [2@vps60668]
Interne #1 : Démarrage ticketrecurrent
2019-11-15 16:04:32 [2@vps60668]
Interne #1 : Démarrage olaticket
2019-11-15 16:05:47 [@vps60668]
Interne #1 : Démarrage queuednotification
2019-11-15 16:06:02 [@vps60668]
Interne #1 : Démarrage temp
2019-11-15 16:06:21 [@vps60668]
Interne #1 : Démarrage mailgate
2019-11-15 16:27:20 [@vps60668]
Interne #1 : Démarrage slaticket
2019-11-15 16:47:00 [9@vps60668]
Interne #1 : Démarrage planningrecall
2019-11-15 16:51:26 [@vps60668]
Interne #1 : Démarrage queuednotification
2019-11-15 16:51:38 [@vps60668]
Interne #1 : Démarrage olaticket
2019-11-15 16:51:46 [@vps60668]
Interne #1 : Démarrage mailgate
2019-11-15 16:54:23 [@vps60668]
Interne #1 : Démarrage slaticket
2019-11-15 17:07:19 [@vps60668]
Interne #1 : Démarrage planningrecall
2019-11-15 17:07:21 [@vps60668]
Interne #1 : Démarrage queuednotification
2019-11-15 17:07:21 [@vps60668]
Interne #1 : Démarrage graph
2019-11-15 17:07:23 [@vps60668]
Interne #1 : Démarrage olaticket
2019-11-15 17:18:35 [2@vps60668]
Interne #1 : Démarrage reservation
2019-11-15 18:45:21 [2@vps60668]
Interne #1 : Démarrage ticketrecurrent
2019-11-15 20:13:01 [15@vps60668]
Interne #1 : Démarrage slaticket
2019-11-15 20:13:31 [@vps60668]
Interne #1 : Démarrage mailgate
2019-11-15 20:21:35 [9@vps60668]
Interne #1 : Démarrage temp
2019-11-15 20:24:51 [@vps60668]
Interne #1 : Démarrage queuednotification
2019-11-15 20:24:52 [@vps60668]
Interne #1 : Démarrage planningrecall
2019-11-15 20:24:53 [@vps60668]
Interne #1 : Démarrage olaticket
2019-11-15 20:24:53 [@vps60668]
Interne #1 : Démarrage graph
2019-11-15 21:09:52 [@vps60668]
Interne #1 : Démarrage reservation
2019-11-15 21:11:51 [9@vps60668]
Interne #1 : Démarrage ticketrecurrent
2019-11-15 21:22:06 [9@vps60668]
Interne #1 : Démarrage slaticket
2019-11-15 21:23:58 [2@vps60668]
Interne #1 : Démarrage mailgate
2019-11-15 21:27:21 [9@vps60668]
Interne #1 : Démarrage queuednotification
2019-11-15 21:49:35 [2@vps60668]
Interne #1 : Démarrage planningrecall
2019-11-15 21:49:46 [@vps60668]
Interne #1 : Démarrage olaticket
2019-11-15 21:56:15 [9@vps60668]
Interne #1 : Démarrage temp
2019-11-15 22:01:24 [9@vps60668]
Interne #1 : Démarrage graph
2019-11-15 22:06:30 [9@vps60668]
Interne #1 : Démarrage slaticket
2019-11-15 22:09:04 [@vps60668]
Interne #1 : Démarrage queuednotification
2019-11-15 22:09:06 [@vps60668]
Interne #1 : Démarrage mailgate
2019-11-15 22:12:10 [9@vps60668]
Interne #1 : Démarrage planningrecall
2019-11-15 22:13:09 [@vps60668]
Interne #1 : Démarrage olaticket
2019-11-15 22:13:10 [@vps60668]
Interne #1 : Démarrage reservation
2019-11-15 22:13:10 [@vps60668]
Interne #1 : Démarrage queuednotification
2019-11-15 22:13:10 [9@vps60668]
Interne #1 : Démarrage slaticket
2019-11-15 22:13:13 [@vps60668]
Interne #1 : Démarrage ticketrecurrent
2019-11-15 22:13:13 [@vps60668]
Interne #1 : Rien à lancer
2019-11-15 22:23:29 [@vps60668]
Interne #1 : Démarrage queuednotification
2019-11-15 22:23:32 [@vps60668]
Interne #1 : Démarrage planningrecall
2019-11-15 22:23:33 [@vps60668]
Interne #1 : Démarrage slaticket
2019-11-15 22:23:34 [@vps60668]
Interne #1 : Démarrage olaticket
2019-11-16 10:44:36 [@vps60668]
Interne #1 : Démarrage mailgate
2019-11-16 10:46:32 [@vps60668]
Interne #1 : Démarrage queuednotification
2019-11-16 10:51:07 [@vps60668]
Interne #1 : Démarrage slaticket
2019-11-16 10:54:01 [@vps60668]
Interne #1 : Démarrage planningrecall
2019-11-16 10:59:30 [@vps60668]
Interne #1 : Démarrage olaticket
2019-11-16 11:00:47 [@vps60668]
Interne #1 : Démarrage temp
2019-11-16 11:01:22 [@vps60668]
Interne #1 : Démarrage graph
2019-11-16 11:01:50 [@vps60668]
Interne #1 : Démarrage reservation
2019-11-16 11:01:51 [@vps60668]
Interne #1 : Démarrage ticketrecurrent
2019-11-16 11:01:51 [10@vps60668]
Ne peut récupérer le verrou sur la BDD
2019-11-16 11:01:51 [@vps60668]
Interne #1 : Démarrage closeticket
2019-11-16 11:01:51 [@vps60668]
Ne peut récupérer le verrou sur la BDD
2019-11-16 11:01:51 [@vps60668]
Interne #1 : Démarrage alertnotclosed
2019-11-16 11:01:51 [@vps60668]
Interne #1 : Démarrage queuednotification
2019-11-16 11:01:53 [@vps60668]
Interne #1 : Démarrage mailgate
2019-11-16 11:01:53 [@vps60668]
Interne #1 : Démarrage slaticket
2019-11-16 11:02:44 [@vps60668]
Interne #1 : Démarrage planningrecall
2019-11-16 11:04:27 [@vps60668]
Interne #1 : Démarrage queuednotification
2019-11-16 11:05:15 [@vps60668]
Interne #1 : Démarrage olaticket
2019-11-16 11:06:21 [@vps60668]
Interne #1 : Démarrage queuednotification
2019-11-16 11:07:21 [@vps60668]
Interne #1 : Démarrage slaticket
2019-11-16 11:22:32 [@vps60668]
Interne #1 : Démarrage planningrecall
2019-11-16 11:24:45 [@vps60668]
Interne #1 : Démarrage queuednotification
2019-11-16 11:28:14 [@vps60668]
Interne #1 : Démarrage olaticket
2019-11-16 11:29:43 [@vps60668]
Interne #1 : Démarrage mailgate
2019-11-16 11:32:31 [@vps60668]
Interne #1 : Démarrage slaticket
2019-11-16 11:33:24 [@vps60668]
Interne #1 : Démarrage queuednotification
2019-11-16 11:33:54 [@vps60668]
Interne #1 : Démarrage planningrecall
2019-11-16 11:35:37 [@vps60668]
Interne #1 : Démarrage olaticket
2019-11-16 11:35:47 [@vps60668]
Interne #1 : Démarrage queuednotification
2019-11-16 11:36:07 [@vps60668]
Interne #1 : Démarrage queuednotification
2019-11-16 11:36:54 [@vps60668]
Interne #1 : Rien à lancer
2019-11-16 11:37:41 [@vps60668]
Interne #1 : Démarrage slaticket
2019-11-16 11:38:12 [@vps60668]
Interne #1 : Démarrage queuednotification
2019-11-16 11:40:20 [@vps60668]
Ne peut récupérer le verrou sur la BDD
2019-11-16 11:40:20 [@vps60668]
Interne #1 : Démarrage planningrecall
2019-11-16 11:40:21 [@vps60668]
Interne #1 : Démarrage mailgate
2019-11-16 11:40:21 [@vps60668]
Ne peut récupérer le verrou sur la BDD
2019-11-16 11:40:22 [@vps60668]
Interne #1 : Démarrage queuednotification
2019-11-16 11:40:22 [@vps60668]
Ne peut récupérer le verrou sur la BDD
2019-11-16 11:40:22 [@vps60668]
Interne #1 : Démarrage olaticket
2019-11-16 11:40:23 [@vps60668]
Interne #1 : Rien à lancer
2019-11-16 11:40:24 [@vps60668]
Interne #1 : Rien à lancer
2019-11-16 11:40:24 [@vps60668]
Interne #1 : Rien à lancer
2019-11-16 11:41:25 [@vps60668]
Interne #1 : Démarrage queuednotification
2019-11-16 11:42:20 [@vps60668]
Interne #1 : Démarrage slaticket
2019-11-16 11:43:44 [@vps60668]
Interne #1 : Démarrage queuednotification
2019-11-16 11:43:45 [@vps60668]
Interne #1 : Rien à lancer
2019-11-16 11:43:45 [@vps60668]
Interne #1 : Rien à lancer
2019-11-16 11:43:49 [@vps60668]
Interne #1 : Rien à lancer
2019-11-16 11:44:37 [@vps60668]
Interne #1 : Démarrage queuednotification
2019-11-16 11:47:46 [2@vps60668]
Interne #1 : Démarrage planningrecall
2019-11-16 11:52:38 [@vps60668]
Interne #1 : Démarrage queuednotification
2019-11-16 11:54:29 [@vps60668]
Interne #1 : Démarrage olaticket
2019-11-16 11:55:39 [@vps60668]
Interne #1 : Démarrage slaticket
2019-11-16 11:59:21 [@vps60668]
Interne #1 : Démarrage mailgate
2019-11-16 12:01:44 [@vps60668]
Interne #1 : Démarrage planningrecall
2019-11-16 12:02:36 [@vps60668]
Interne #1 : Démarrage queuednotification
2019-11-16 12:03:33 [@vps60668]
Interne #1 : Démarrage olaticket
2019-11-16 12:04:43 [@vps60668]
Interne #1 : Démarrage slaticket
2019-11-16 12:06:33 [@vps60668]
Interne #1 : Démarrage temp
2019-11-16 12:08:37 [@vps60668]
Interne #1 : Démarrage graph
2019-11-16 12:10:00 [@vps60668]
Interne #1 : Démarrage reservation
2019-11-16 12:10:00 [@vps60668]
Interne #1 : Démarrage ticketrecurrent
2019-11-16 12:10:18 [@vps60668]
Interne #1 : Démarrage queuednotification
2019-11-16 12:10:18 [@vps60668]
Ne peut récupérer le verrou sur la BDD
2019-11-16 12:10:18 [@vps60668]
Interne #1 : Démarrage planningrecall
2019-11-16 12:10:19 [@vps60668]
Ne peut récupérer le verrou sur la BDD
2019-11-16 12:10:19 [@vps60668]
Interne #1 : Démarrage olaticket
2019-11-16 12:10:19 [2@vps60668]
Interne #1 : Démarrage mailgate
2019-11-16 12:10:22 [@vps60668]
Interne #1 : Démarrage slaticket
2019-11-16 12:10:57 [@vps60668]
Interne #1 : Rien à lancer
2019-11-16 12:18:23 [2@vps60668]
Interne #1 : Démarrage queuednotification
2019-11-16 12:40:17 [2@vps60668]
Interne #1 : Démarrage slaticket
2019-11-16 12:42:01 [@vps60668]
Interne #1 : Démarrage planningrecall
2019-11-16 12:42:32 [@vps60668]
Interne #1 : Démarrage olaticket
2019-11-16 12:51:56 [@vps60668]
Interne #1 : Démarrage queuednotification
2019-11-16 12:56:14 [@vps60668]
Interne #1 : Démarrage mailgate
2019-11-16 14:10:37 [10@vps60668]
Interne #1 : Démarrage createinquest
2019-11-16 14:16:33 [@vps60668]
Interne #1 : Démarrage slaticket
2019-11-16 14:21:45 [2@vps60668]
Interne #1 : Démarrage planningrecall
2019-11-16 14:22:14 [@vps60668]
Interne #1 : Démarrage olaticket
2019-11-16 14:23:01 [@vps60668]
Interne #1 : Démarrage queuednotification
2019-11-16 14:23:25 [@vps60668]
Interne #1 : Démarrage mailgate
2019-11-16 14:24:49 [@vps60668]
Interne #1 : Démarrage temp
2019-11-16 14:25:12 [@vps60668]
Interne #1 : Démarrage graph
2019-11-16 14:25:55 [@vps60668]
Interne #1 : Démarrage reservation
2019-11-16 14:25:55 [@vps60668]
Interne #1 : Démarrage ticketrecurrent
2019-11-16 14:25:55 [@vps60668]
Interne #1 : Démarrage watcher
2019-11-16 14:25:57 [@vps60668]
Interne #1 : Démarrage queuednotificationclean
2019-11-16 14:27:41 [@vps60668]
Interne #1 : Démarrage contract
2019-11-16 16:43:05 [10@vps60668]
Interne #1 : Démarrage mailgateerror
2019-11-16 18:00:35 [10@vps60668]
Interne #1 : Démarrage slaticket
2019-11-16 18:01:34 [@vps60668]
Interne #1 : Démarrage infocom
2019-11-16 18:02:20 [@vps60668]
Interne #1 : Démarrage queuednotification
2019-11-16 18:03:29 [@vps60668]
Interne #1 : Démarrage planningrecall
2019-11-16 18:03:59 [@vps60668]
Interne #1 : Démarrage olaticket
2019-11-16 18:04:52 [@vps60668]
Interne #1 : Démarrage session
2019-11-16 18:05:23 [@vps60668]
Interne #1 : Démarrage mailgate
2019-11-16 19:58:24 [@vps60668]
Interne #1 : Démarrage temp
2019-11-16 20:26:55 [10@vps60668]
Interne #1 : Démarrage graph
2019-11-16 20:38:01 [10@vps60668]
Interne #1 : Démarrage reservation
2019-11-16 20:38:09 [@vps60668]
Interne #1 : Démarrage ticketrecurrent
2019-11-16 20:42:02 [@vps60668]
Interne #1 : Démarrage queuednotification
2019-11-16 20:46:30 [@vps60668]
Interne #1 : Démarrage slaticket
2019-11-16 20:51:30 [2@vps60668]
Interne #1 : Démarrage planningrecall
2019-11-16 20:59:21 [2@vps60668]
Interne #1 : Démarrage olaticket
2019-11-16 21:06:22 [2@vps60668]
Interne #1 : Démarrage mailgate
2019-11-16 21:06:26 [@vps60668]
Interne #1 : Démarrage queuednotification
2019-11-16 21:07:17 [@vps60668]
Interne #1 : Démarrage slaticket
2019-11-16 21:12:13 [@vps60668]
Interne #1 : Démarrage planningrecall
2019-11-16 21:24:15 [@vps60668]
Interne #1 : Démarrage temp
2019-11-16 22:04:41 [2@vps60668]
Interne #1 : Démarrage olaticket
2019-11-16 22:25:48 [2@vps60668]
Interne #1 : Démarrage queuednotification
2019-11-16 22:25:54 [@vps60668]
Interne #1 : Démarrage slaticket
2019-11-16 22:27:07 [@vps60668]
Interne #1 : Démarrage mailgate
2019-11-16 22:30:41 [@vps60668]
Interne #1 : Démarrage planningrecall
2019-11-16 22:34:45 [@vps60668]
Interne #1 : Démarrage graph
2019-11-16 22:35:37 [@vps60668]
Interne #1 : Démarrage reservation
2019-11-16 22:36:19 [@vps60668]
Interne #1 : Démarrage ticketrecurrent
2019-11-16 22:36:43 [@vps60668]
Interne #1 : Démarrage olaticket
2019-11-16 22:37:50 [@vps60668]
Interne #1 : Démarrage temp
2019-11-17 15:37:50 [@vps60668]
Interne #1 : Démarrage queuednotification
2019-11-17 15:41:49 [@vps60668]
Interne #1 : Démarrage slaticket
2019-11-17 15:47:11 [9@vps60668]
Interne #1 : Démarrage planningrecall
2019-11-17 15:52:30 [9@vps60668]
Interne #1 : Démarrage mailgate
2019-11-17 15:57:58 [9@vps60668]
Interne #1 : Démarrage olaticket
2019-11-17 16:03:48 [9@vps60668]
Interne #1 : Démarrage closeticket
2019-11-17 16:58:25 [9@vps60668]
Interne #1 : Démarrage alertnotclosed
2019-11-17 16:58:29 [@vps60668]
Interne #1 : Démarrage graph
2019-11-17 17:00:32 [@vps60668]
Interne #1 : Démarrage reservation
2019-11-17 17:01:35 [@vps60668]
Interne #1 : Démarrage ticketrecurrent
2019-11-17 17:02:52 [@vps60668]
Interne #1 : Démarrage temp
2019-11-17 17:04:09 [@vps60668]
Interne #1 : Démarrage createinquest
2019-11-17 17:05:55 [@vps60668]
Interne #1 : Démarrage watcher
2019-11-17 17:05:59 [@vps60668]
Interne #1 : Démarrage queuednotificationclean
2019-11-17 17:09:38 [@vps60668]
Interne #1 : Démarrage contract
2019-11-17 17:12:06 [@vps60668]
Interne #1 : Démarrage queuednotification
2019-11-17 17:13:18 [@vps60668]
Interne #1 : Démarrage slaticket
2019-11-17 17:17:48 [@vps60668]
Ne peut récupérer le verrou sur la BDD
2019-11-17 17:17:48 [@vps60668]
Interne #1 : Démarrage planningrecall
2019-11-17 17:17:48 [@vps60668]
Interne #1 : Démarrage mailgate
2019-11-17 17:17:51 [@vps60668]
Interne #1 : Démarrage olaticket
2019-11-17 17:19:01 [10@vps60668]
Interne #1 : Démarrage mailgateerror
2019-11-17 17:20:25 [14@vps60668]
Interne #1 : Démarrage queuednotification
2019-11-17 17:21:30 [2@vps60668]
Interne #1 : Démarrage slaticket
2019-11-17 17:32:37 [2@vps60668]
Interne #1 : Démarrage queuednotification
2019-11-17 17:42:20 [2@vps60668]
Interne #1 : Démarrage planningrecall
2019-11-17 18:12:41 [2@vps60668]
Interne #1 : Démarrage olaticket
2019-11-17 22:10:53 [@vps60668]
Ne peut récupérer le verrou sur la BDD
2019-11-17 22:10:53 [@vps60668]
Ne peut récupérer le verrou sur la BDD
2019-11-17 22:10:53 [@vps60668]
Interne #1 : Démarrage slaticket
2019-11-17 22:10:53 [@vps60668]
Interne #1 : Démarrage mailgate
2019-11-17 22:10:55 [@vps60668]
Interne #1 : Démarrage queuednotification
2019-11-17 22:10:56 [@vps60668]
Interne #1 : Démarrage planningrecall
2019-11-18 08:54:16 [@vps60668]
Interne #1 : Démarrage graph
2019-11-18 09:01:02 [2@vps60668]
Interne #1 : Démarrage reservation
2019-11-18 09:05:55 [2@vps60668]
Interne #1 : Démarrage infocom
2019-11-18 09:26:08 [2@vps60668]
Interne #1 : Démarrage ticketrecurrent
2019-11-18 09:32:21 [2@vps60668]
Interne #1 : Démarrage temp
2019-11-18 09:37:40 [2@vps60668]
Interne #1 : Démarrage session
2019-11-18 09:45:21 [2@vps60668]
Interne #1 : Démarrage olaticket
2019-11-18 09:51:55 [2@vps60668]
Interne #1 : Démarrage queuednotification
2019-11-18 09:56:43 [2@vps60668]
Interne #1 : Démarrage slaticket
2019-11-18 10:01:49 [2@vps60668]
Interne #1 : Démarrage planningrecall
2019-11-18 10:25:34 [2@vps60668]
Interne #1 : Démarrage mailgate
2019-11-18 10:30:42 [2@vps60668]
Interne #1 : Démarrage closeticket
2019-11-18 10:36:09 [2@vps60668]
Interne #1 : Démarrage alertnotclosed
2019-11-18 10:49:26 [2@vps60668]
Interne #1 : Démarrage olaticket
2019-11-18 10:54:50 [2@vps60668]
Interne #1 : Démarrage queuednotification
2019-11-18 11:00:24 [2@vps60668]
Interne #1 : Démarrage graph
2019-11-18 11:11:02 [2@vps60668]
Interne #1 : Démarrage reservation
2019-11-18 11:16:43 [2@vps60668]
Interne #1 : Démarrage slaticket
2019-11-18 11:23:17 [@vps60668]
Interne #1 : Démarrage planningrecall
2019-11-18 11:29:32 [2@vps60668]
Interne #1 : Démarrage ticketrecurrent
2019-11-18 11:35:29 [2@vps60668]
Interne #1 : Démarrage temp
2019-11-18 15:08:47 [@vps60668]
Interne #1 : Démarrage mailgate
2019-11-18 15:14:06 [2@vps60668]
Interne #1 : Démarrage olaticket
2019-11-18 15:14:31 [2@vps60668]
Interne #1 : Démarrage queuednotification
2019-11-18 15:18:53 [2@vps60668]
Interne #1 : Démarrage slaticket
2019-11-18 15:24:58 [2@vps60668]
Interne #1 : Démarrage planningrecall
2019-11-18 15:35:25 [2@vps60668]
Interne #1 : Démarrage graph
2019-11-18 15:43:17 [2@vps60668]
Interne #1 : Démarrage reservation
2019-11-18 15:49:33 [2@vps60668]
Interne #1 : Démarrage ticketrecurrent
2019-11-18 15:57:55 [2@vps60668]
Interne #1 : Démarrage temp
2019-11-18 16:03:39 [2@vps60668]
Interne #1 : Démarrage queuednotification
2019-11-18 16:12:41 [2@vps60668]
Interne #1 : Démarrage mailgate
2019-11-18 16:20:13 [2@vps60668]
Interne #1 : Démarrage olaticket
2019-11-18 16:26:10 [2@vps60668]
Interne #1 : Démarrage slaticket
2019-11-18 16:32:53 [2@vps60668]
Interne #1 : Démarrage planningrecall
2019-11-18 16:46:17 [2@vps60668]
Interne #1 : Démarrage queuednotification
2019-11-18 16:58:14 [2@vps60668]
Interne #1 : Démarrage mailgate
2019-11-18 17:04:33 [2@vps60668]
Interne #1 : Démarrage olaticket
2019-11-18 17:11:10 [2@vps60668]
Interne #1 : Démarrage slaticket
2019-11-18 17:21:28 [2@vps60668]
Interne #1 : Démarrage graph
2019-11-18 17:27:22 [2@vps60668]
Interne #1 : Démarrage planningrecall
2019-11-18 17:33:10 [2@vps60668]
Interne #1 : Démarrage reservation
2019-11-18 19:23:44 [2@vps60668]
Interne #1 : Démarrage queuednotification
2019-11-18 19:28:54 [@vps60668]
Interne #1 : Démarrage ticketrecurrent
2019-11-18 19:34:51 [14@vps60668]
Interne #1 : Démarrage temp
2019-11-18 19:35:26 [@vps60668]
Interne #1 : Démarrage createinquest
2019-11-18 19:35:29 [@vps60668]
Interne #1 : Démarrage watcher
2019-11-18 19:43:12 [2@vps60668]
Interne #1 : Démarrage queuednotificationclean
2019-11-18 19:44:18 [@vps60668]
Interne #1 : Démarrage mailgate
2019-11-18 19:48:21 [@vps60668]
Interne #1 : Démarrage contract
2019-11-18 19:48:36 [@vps60668]
Interne #1 : Démarrage olaticket
2019-11-18 19:53:45 [2@vps60668]
Interne #1 : Démarrage slaticket
2019-11-18 19:54:23 [10@vps60668]
Interne #1 : Démarrage mailgateerror
2019-11-18 19:58:08 [@vps60668]
Interne #1 : Démarrage planningrecall
2019-11-18 19:59:01 [2@vps60668]
Interne #1 : Démarrage graph
2019-11-18 19:59:58 [@vps60668]
Interne #1 : Démarrage reservation
2019-11-18 20:04:33 [2@vps60668]
Interne #1 : Démarrage queuednotification
2019-11-18 20:05:22 [4@vps60668]
Interne #1 : Démarrage olaticket
2019-11-18 20:07:53 [@vps60668]
Interne #1 : Démarrage mailgate
2019-11-18 20:13:59 [2@vps60668]
Interne #1 : Démarrage slaticket
2019-11-18 20:17:02 [@vps60668]
Interne #1 : Démarrage planningrecall
2019-11-18 20:18:15 [@vps60668]
Interne #1 : Démarrage queuednotification
2019-11-18 20:20:16 [2@vps60668]
Interne #1 : Démarrage olaticket
2019-11-18 20:21:58 [@vps60668]
Interne #1 : Démarrage mailgate
2019-11-18 20:25:33 [2@vps60668]
Interne #1 : Démarrage slaticket
2019-11-18 20:27:51 [@vps60668]
Interne #1 : Démarrage queuednotification
2019-11-18 20:32:03 [2@vps60668]
Interne #1 : Démarrage planningrecall
2019-11-18 20:34:04 [10@vps60668]
Interne #1 : Démarrage olaticket
2019-11-18 20:37:06 [2@vps60668]
Interne #1 : Démarrage ticketrecurrent
2019-11-18 20:40:18 [10@vps60668]
Interne #1 : Démarrage queuednotification
2019-11-18 20:42:25 [2@vps60668]
Interne #1 : Démarrage slaticket
2019-11-18 20:43:27 [@vps60668]
Interne #1 : Démarrage mailgate
2019-11-18 20:47:50 [2@vps60668]
Interne #1 : Démarrage temp
2019-11-18 20:59:45 [2@vps60668]
Interne #1 : Démarrage planningrecall
2019-11-18 21:04:01 [10@vps60668]
Interne #1 : Démarrage olaticket
2019-11-18 21:16:00 [10@vps60668]
Interne #1 : Démarrage queuednotification
2019-11-18 21:16:08 [@vps60668]
Interne #1 : Démarrage slaticket
2019-11-18 21:19:02 [@vps60668]
Interne #1 : Démarrage mailgate
2019-11-18 21:20:41 [@vps60668]
Interne #1 : Démarrage graph
2019-11-18 21:25:37 [@vps60668]
Interne #1 : Démarrage reservation
2019-11-18 21:29:12 [@vps60668]
Interne #1 : Démarrage planningrecall
2019-11-18 21:30:36 [@vps60668]
Interne #1 : Démarrage olaticket
2019-11-18 21:31:47 [@vps60668]
Interne #1 : Démarrage queuednotification
2019-11-18 21:32:26 [@vps60668]
Interne #1 : Démarrage slaticket
2019-11-18 21:38:33 [2@vps60668]
Interne #1 : Démarrage mailgate
2019-11-18 21:38:35 [@vps60668]
Interne #1 : Démarrage queuednotification
2019-11-18 21:39:48 [@vps60668]
Interne #1 : Démarrage planningrecall
2019-11-18 21:40:29 [@vps60668]
Interne #1 : Démarrage olaticket
2019-11-18 21:41:07 [@vps60668]
Interne #1 : Démarrage slaticket
2019-11-18 21:49:13 [2@vps60668]
Interne #1 : Démarrage ticketrecurrent
2019-11-18 21:58:01 [2@vps60668]
Interne #1 : Démarrage queuednotification
2019-11-18 21:58:12 [@vps60668]
Interne #1 : Démarrage planningrecall
2019-11-18 22:05:45 [10@vps60668]
Interne #1 : Démarrage olaticket
2019-11-18 22:06:26 [@vps60668]
Interne #1 : Démarrage slaticket
2019-11-18 22:11:47 [@vps60668]
Interne #1 : Démarrage temp
2019-11-18 22:12:22 [@vps60668]
Interne #1 : Démarrage mailgate
2019-11-18 22:22:39 [2@vps60668]
Interne #1 : Démarrage queuednotification
2019-11-19 07:40:39 [2@vps60668]
Interne #1 : Démarrage planningrecall
2019-11-19 09:14:32 [2@vps60668]
Interne #1 : Démarrage olaticket
2019-11-19 09:29:53 [2@vps60668]
Interne #1 : Démarrage slaticket
2019-11-19 09:40:05 [2@vps60668]
Interne #1 : Démarrage graph
2019-11-19 12:02:09 [2@vps60668]
Interne #1 : Démarrage mailgate
2019-11-19 12:20:36 [2@vps60668]
Interne #1 : Démarrage queuednotification
2019-11-19 12:34:42 [2@vps60668]
Interne #1 : Démarrage reservation
2019-11-19 12:42:37 [2@vps60668]
Interne #1 : Démarrage closeticket
2019-11-19 12:42:42 [@vps60668]
Interne #1 : Démarrage alertnotclosed
2019-11-19 13:59:04 [2@vps60668]
Interne #1 : Démarrage ticketrecurrent
2019-11-19 15:53:31 [@vps60668]
Interne #1 : Démarrage temp
2019-11-19 15:56:29 [@vps60668]
Interne #1 : Démarrage planningrecall
2019-11-19 15:59:46 [@vps60668]
Interne #1 : Démarrage infocom
2019-11-19 16:02:46 [@vps60668]
Interne #1 : Démarrage olaticket
2019-11-19 16:05:51 [@vps60668]
Interne #1 : Démarrage slaticket
2019-11-19 16:11:06 [@vps60668]
Interne #1 : Démarrage session
2019-11-19 16:14:58 [@vps60668]
Interne #1 : Démarrage graph
2019-11-19 16:15:48 [@vps60668]
Interne #1 : Démarrage mailgate
2019-11-19 16:16:01 [2@vps60668]
Interne #1 : Démarrage queuednotification
2019-11-19 16:17:59 [14@vps60668]
Interne #1 : Démarrage reservation
2019-11-19 16:22:08 [2@vps60668]
Interne #1 : Démarrage ticketrecurrent
2019-11-19 16:24:06 [14@vps60668]
Interne #1 : Démarrage planningrecall
2019-11-19 16:32:21 [2@vps60668]
Interne #1 : Démarrage olaticket
2019-11-19 16:34:01 [14@vps60668]
Interne #1 : Démarrage slaticket
2019-11-19 16:39:37 [2@vps60668]
Interne #1 : Démarrage queuednotification
2019-11-19 16:40:53 [14@vps60668]
Interne #1 : Démarrage mailgate
2019-11-19 16:45:14 [2@vps60668]
Interne #1 : Démarrage planningrecall
2019-11-19 16:49:21 [@vps60668]
Interne #1 : Démarrage olaticket
2019-11-19 16:49:27 [@vps60668]
Interne #1 : Démarrage slaticket
2019-11-19 16:50:49 [@vps60668]
Interne #1 : Démarrage queuednotification
2019-11-20 08:26:48 [@vps60668]
Interne #1 : Démarrage mailgate
2019-11-20 08:28:18 [@vps60668]
Interne #1 : Démarrage planningrecall
2019-11-20 08:34:09 [2@vps60668]
Interne #1 : Démarrage queuednotification
2019-11-20 08:39:15 [2@vps60668]
Interne #1 : Démarrage temp
2019-11-20 08:44:19 [2@vps60668]
Interne #1 : Démarrage slaticket
2019-11-20 08:49:33 [2@vps60668]
Interne #1 : Démarrage olaticket
2019-11-20 08:56:00 [2@vps60668]
Interne #1 : Démarrage graph
2019-11-20 09:01:08 [2@vps60668]
Interne #1 : Démarrage reservation
2019-11-20 09:06:15 [2@vps60668]
Interne #1 : Démarrage ticketrecurrent
2019-11-20 09:11:21 [2@vps60668]
Interne #1 : Démarrage createinquest
2019-11-20 09:17:24 [2@vps60668]
Interne #1 : Démarrage watcher
2019-11-20 09:28:31 [2@vps60668]
Interne #1 : Démarrage queuednotificationclean
2019-11-20 09:33:42 [2@vps60668]
Interne #1 : Démarrage contract
2019-11-20 09:38:47 [2@vps60668]
Interne #1 : Démarrage mailgateerror
2019-11-20 09:45:53 [2@vps60668]
Interne #1 : Démarrage closeticket
2019-11-20 09:51:16 [2@vps60668]
Interne #1 : Démarrage alertnotclosed
2019-11-20 09:56:28 [2@vps60668]
Interne #1 : Démarrage planningrecall
2019-11-20 10:04:43 [2@vps60668]
Interne #1 : Démarrage queuednotification
2019-11-20 10:16:21 [2@vps60668]
Interne #1 : Démarrage mailgate
2019-11-20 10:31:34 [2@vps60668]
Interne #1 : Démarrage slaticket
2019-11-20 10:55:29 [@vps60668]
Interne #1 : Démarrage olaticket
2019-11-20 11:40:31 [2@vps60668]
Interne #1 : Démarrage temp
2019-11-20 11:49:47 [2@vps60668]
Interne #1 : Démarrage graph
2019-11-20 12:06:51 [2@vps60668]
Interne #1 : Démarrage reservation
2019-11-20 13:31:40 [2@vps60668]
Interne #1 : Démarrage planningrecall
2019-11-20 13:52:10 [2@vps60668]
Interne #1 : Démarrage queuednotification
2019-11-20 13:56:37 [@vps60668]
Interne #1 : Démarrage ticketrecurrent
2019-11-20 13:56:42 [@vps60668]
Interne #1 : Démarrage mailgate
2019-11-20 13:57:46 [2@vps60668]
Interne #1 : Démarrage slaticket
2019-11-20 14:08:06 [2@vps60668]
Interne #1 : Démarrage olaticket
2019-11-20 14:13:25 [2@vps60668]
Interne #1 : Démarrage temp
2019-11-20 14:39:58 [2@vps60668]
Interne #1 : Démarrage graph
2019-11-20 14:40:16 [@vps60668]
Interne #1 : Démarrage reservation
2019-11-20 14:44:17 [14@vps60668]
Interne #1 : Démarrage planningrecall
2019-11-21 15:33:06 [@vps60668]
Interne #1 : Démarrage queuednotification
2019-11-21 15:58:48 [2@vps60668]
Interne #1 : Démarrage slaticket
2019-11-22 07:35:23 [2@vps60668]
Interne #1 : Démarrage mailgate
2019-11-22 08:32:35 [2@vps60668]
Interne #1 : Démarrage olaticket
2019-11-22 12:37:59 [@vps60668]
Interne #1 : Démarrage planningrecall
2019-11-22 12:38:25 [@vps60668]
Interne #1 : Démarrage ticketrecurrent
2019-11-22 12:43:52 [2@vps60668]
Interne #1 : Démarrage temp
2019-11-22 12:49:02 [2@vps60668]
Interne #1 : Démarrage graph
2019-11-22 12:58:32 [14@vps60668]
Interne #1 : Démarrage reservation
2019-11-22 12:58:49 [2@vps60668]
Interne #1 : Démarrage infocom
2019-11-22 13:03:57 [2@vps60668]
Interne #1 : Démarrage session
2019-11-22 13:10:04 [2@vps60668]
Interne #1 : Démarrage closeticket
2019-11-22 13:15:15 [2@vps60668]
Interne #1 : Démarrage alertnotclosed
2019-11-22 13:20:28 [2@vps60668]
Interne #1 : Démarrage createinquest
2019-11-22 13:26:14 [2@vps60668]
Interne #1 : Démarrage watcher
2019-11-22 13:31:38 [2@vps60668]
Interne #1 : Démarrage queuednotificationclean
2019-11-23 10:11:24 [@vps60668]
Interne #1 : Démarrage contract
2019-11-23 10:27:23 [2@vps60668]
Interne #1 : Démarrage mailgateerror
2019-11-23 10:40:58 [2@vps60668]
Interne #1 : Démarrage queuednotification
2019-11-23 11:00:08 [2@vps60668]
Interne #1 : Démarrage slaticket
2019-11-23 11:05:28 [2@vps60668]
Interne #1 : Démarrage mailgate
2019-11-23 11:08:20 [@vps60668]
Interne #1 : Démarrage olaticket
2019-11-23 11:08:21 [@vps60668]
Interne #1 : Démarrage planningrecall
2019-11-23 11:08:21 [@vps60668]
Interne #1 : Démarrage ticketrecurrent
2019-11-23 11:08:22 [@vps60668]
Interne #1 : Démarrage temp
2019-11-23 11:08:23 [@vps60668]
Interne #1 : Démarrage graph
2019-11-23 11:08:24 [2@vps60668]
Interne #1 : Démarrage reservation
2019-11-23 11:09:06 [@vps60668]
Interne #1 : Démarrage closeticket
2019-11-23 11:09:06 [@vps60668]
Ne peut récupérer le verrou sur la BDD
2019-11-23 11:09:06 [@vps60668]
Interne #1 : Démarrage alertnotclosed
2019-11-23 11:09:06 [@vps60668]
Ne peut récupérer le verrou sur la BDD
2019-11-23 11:09:06 [@vps60668]
Interne #1 : Démarrage queuednotification
2019-11-23 11:09:07 [@vps60668]
Interne #1 : Démarrage slaticket
2019-11-23 11:09:07 [@vps60668]
Interne #1 : Rien à lancer
2019-11-23 11:09:07 [@vps60668]
Interne #1 : Rien à lancer
2019-11-23 11:09:07 [@vps60668]
Interne #1 : Rien à lancer
2019-11-23 11:09:08 [@vps60668]
Interne #1 : Rien à lancer
2019-11-23 11:09:09 [@vps60668]
Interne #1 : Rien à lancer
2019-11-23 11:09:25 [@vps60668]
Interne #1 : Rien à lancer
2019-11-23 11:09:26 [@vps60668]
Interne #1 : Rien à lancer
2019-11-23 11:09:26 [@vps60668]
Interne #1 : Rien à lancer
2019-11-23 11:09:26 [@vps60668]
Interne #1 : Rien à lancer
2019-11-23 11:09:27 [@vps60668]
Interne #1 : Rien à lancer
2019-11-23 11:09:28 [2@vps60668]
Interne #1 : Rien à lancer
2019-11-23 11:09:28 [@vps60668]
Interne #1 : Rien à lancer
2019-11-23 11:09:29 [@vps60668]
Interne #1 : Rien à lancer
2019-11-23 11:09:43 [2@vps60668]
Interne #1 : Rien à lancer
2019-11-23 11:09:51 [@vps60668]
Interne #1 : Rien à lancer
2019-11-23 11:10:44 [@vps60668]
Interne #1 : Démarrage queuednotification
2019-11-23 11:13:04 [@vps60668]
Interne #1 : Démarrage queuednotification
2019-11-23 11:15:50 [@vps60668]
Interne #1 : Démarrage planningrecall
2019-11-23 11:16:28 [@vps60668]
Interne #1 : Démarrage olaticket
2019-11-23 11:18:06 [@vps60668]
Interne #1 : Démarrage slaticket
2019-11-23 11:20:26 [@vps60668]
Interne #1 : Démarrage queuednotification
2019-11-23 11:20:46 [@vps60668]
Interne #1 : Démarrage mailgate
2019-11-23 11:21:36 [@vps60668]
Interne #1 : Démarrage planningrecall
2019-11-23 11:22:45 [@vps60668]
Interne #1 : Démarrage queuednotification
2019-11-23 11:23:15 [@vps60668]
Interne #1 : Démarrage olaticket
2019-11-23 11:24:07 [@vps60668]
Interne #1 : Démarrage slaticket
2019-11-23 11:24:30 [@vps60668]
Interne #1 : Démarrage queuednotification
2019-11-23 11:41:04 [@vps60668]
Interne #1 : Démarrage queuednotification
2019-11-23 11:49:13 [9@vps60668]
Interne #1 : Démarrage planningrecall
2019-11-23 11:54:53 [9@vps60668]
Interne #1 : Démarrage olaticket
2019-11-23 11:59:56 [9@vps60668]
Interne #1 : Démarrage slaticket
2019-11-23 12:00:35 [@vps60668]
Interne #1 : Démarrage mailgate
2019-11-23 12:02:14 [@vps60668]
Interne #1 : Démarrage queuednotification
2019-11-23 12:02:57 [@vps60668]
Interne #1 : Démarrage planningrecall
2019-11-23 12:03:34 [@vps60668]
Interne #1 : Démarrage olaticket
2019-11-23 12:35:11 [9@vps60668]
Interne #1 : Démarrage queuednotification
2019-11-23 12:44:50 [@vps60668]
Interne #1 : Démarrage slaticket
2019-11-23 12:44:51 [@vps60668]
Ne peut récupérer le verrou sur la BDD
2019-11-23 12:44:51 [@vps60668]
Ne peut récupérer le verrou sur la BDD
2019-11-23 12:44:51 [@vps60668]
Interne #1 : Démarrage planningrecall
2019-11-23 12:44:51 [@vps60668]
Interne #1 : Démarrage graph
2019-11-23 12:44:51 [9@vps60668]
Interne #1 : Démarrage reservation
2019-11-23 12:44:53 [@vps60668]
Interne #1 : Démarrage ticketrecurrent
2019-11-23 12:44:53 [@vps60668]
Interne #1 : Démarrage temp
2019-11-23 12:44:53 [@vps60668]
Interne #1 : Démarrage olaticket
2019-11-23 12:46:28 [@vps60668]
Interne #1 : Démarrage mailgate
2019-11-23 17:35:36 [2@vps60668]
Interne #1 : Démarrage queuednotification
2019-11-23 19:49:56 [@vps60668]
Interne #1 : Démarrage slaticket
2019-11-23 19:51:17 [@vps60668]
Interne #1 : Démarrage planningrecall
2019-11-23 19:53:29 [@vps60668]
Interne #1 : Démarrage olaticket
2019-11-23 19:55:52 [@vps60668]
Interne #1 : Démarrage mailgate
2019-11-23 19:56:46 [@vps60668]
Interne #1 : Démarrage infocom
2019-11-23 22:26:11 [2@vps60668]
Interne #1 : Démarrage session
2019-11-23 22:42:02 [2@vps60668]
Interne #1 : Démarrage createinquest
2019-11-24 10:54:25 [@vps60668]
Interne #1 : Démarrage watcher
2019-11-24 10:54:26 [@vps60668]
Interne #1 : Démarrage queuednotificationclean
2019-11-24 10:54:26 [@vps60668]
Interne #1 : Démarrage graph
2019-11-24 10:54:27 [@vps60668]
Interne #1 : Démarrage reservation
2019-11-24 10:54:29 [@vps60668]
Interne #1 : Démarrage ticketrecurrent
2019-11-24 10:54:32 [14@vps60668]
Interne #1 : Démarrage temp
2019-11-24 10:54:54 [@vps60668]
Interne #1 : Démarrage queuednotification
2019-11-24 11:00:06 [2@vps60668]
Interne #1 : Démarrage slaticket
2019-11-24 11:47:19 [2@vps60668]
Interne #1 : Démarrage planningrecall
2019-11-24 11:54:20 [2@vps60668]
Interne #1 : Démarrage olaticket
2019-11-24 11:59:43 [2@vps60668]
Interne #1 : Démarrage mailgate
2019-11-24 12:04:50 [2@vps60668]
Interne #1 : Démarrage closeticket
2019-11-24 12:17:36 [2@vps60668]
Interne #1 : Démarrage alertnotclosed
2019-11-24 14:05:58 [2@vps60668]
Interne #1 : Démarrage contract
2019-11-24 17:30:37 [2@vps60668]
Interne #1 : Démarrage mailgateerror
2019-11-24 17:40:27 [@vps60668]
Interne #1 : Démarrage queuednotification
2019-11-24 17:43:02 [@vps60668]
Interne #1 : Démarrage slaticket
2019-11-24 17:47:35 [2@vps60668]
Interne #1 : Démarrage planningrecall
2019-11-24 17:52:59 [2@vps60668]
Interne #1 : Démarrage graph
2019-11-24 17:58:02 [2@vps60668]
Interne #1 : Démarrage reservation
2019-11-24 18:03:17 [2@vps60668]
Interne #1 : Démarrage ticketrecurrent
2019-11-24 18:08:40 [2@vps60668]
Interne #1 : Démarrage temp
2019-11-24 18:13:42 [2@vps60668]
Interne #1 : Démarrage olaticket
2019-11-24 18:19:52 [2@vps60668]
Interne #1 : Démarrage mailgate
2019-11-24 19:26:28 [@vps60668]
Interne #1 : Démarrage queuednotification
2019-11-24 19:31:11 [@vps60668]
Interne #1 : Démarrage slaticket
2019-11-24 19:33:08 [@vps60668]
Interne #1 : Démarrage planningrecall
2019-11-24 19:34:52 [@vps60668]
Interne #1 : Démarrage olaticket
2019-11-24 19:49:23 [@vps60668]
Interne #1 : Démarrage mailgate
2019-11-24 20:00:21 [@vps60668]
Interne #1 : Démarrage graph
2019-11-24 20:01:31 [@vps60668]
Interne #1 : Démarrage reservation
2019-11-24 20:06:44 [10@vps60668]
Interne #1 : Démarrage ticketrecurrent
2019-11-24 21:04:11 [@vps60668]
Interne #1 : Démarrage temp
2019-11-24 21:10:46 [2@vps60668]
Interne #1 : Démarrage queuednotification
2019-11-24 21:10:46 [2@vps60668]
Erreur dans l'envoi du courriel<br/>SMTP connect() failed. https://github.com/PHPMailer/PHPMailer/wiki/Troubleshooting
2019-11-24 21:10:46 [2@vps60668]
Erreur dans l'envoi du courriel<br/>SMTP connect() failed. https://github.com/PHPMailer/PHPMailer/wiki/Troubleshooting
2019-11-24 21:16:31 [@vps60668]
Interne #1 : Démarrage slaticket
2019-11-24 21:17:14 [@vps60668]
Interne #1 : Démarrage planningrecall
2019-11-24 21:18:00 [2@vps60668]
Interne #1 : Démarrage olaticket
2019-11-24 21:23:28 [2@vps60668]
Interne #1 : Démarrage infocom
2019-11-24 21:28:10 [2@vps60668]
Interne #1 : Démarrage mailgate
2019-11-25 07:41:11 [@vps60668]
Interne #1 : Démarrage graph
2019-11-25 08:17:43 [2@vps60668]
Interne #1 : Démarrage reservation
2019-11-25 12:43:57 [@vps60668]
Interne #1 : Démarrage ticketrecurrent
2019-11-25 18:56:41 [@vps60668]
Interne #1 : Démarrage queuednotification
2019-11-25 18:56:43 [@vps60668]
Erreur dans l'envoi du courriel<br/>SMTP connect() failed. https://github.com/PHPMailer/PHPMailer/wiki/Troubleshooting
2019-11-25 18:56:49 [@vps60668]
Erreur dans l'envoi du courriel<br/>SMTP connect() failed. https://github.com/PHPMailer/PHPMailer/wiki/Troubleshooting
2019-11-25 18:56:49 [@vps60668]
Interne #1 : Démarrage slaticket
2019-11-25 18:56:49 [@vps60668]
Interne #1 : Démarrage planningrecall
2019-11-26 06:48:12 [2@vps60668]
Interne #1 : Démarrage olaticket
2019-11-26 06:48:14 [@vps60668]
Interne #1 : Démarrage mailgate
2019-11-26 06:52:24 [@vps60668]
Interne #1 : Démarrage temp
2019-11-26 06:56:08 [@vps60668]
Interne #1 : Démarrage session
2019-11-26 06:56:42 [@vps60668]
Interne #1 : Démarrage createinquest
2019-11-26 06:57:46 [@vps60668]
Interne #1 : Démarrage closeticket
2019-11-26 07:02:56 [10@vps60668]
Interne #1 : Démarrage alertnotclosed
2019-11-26 07:03:09 [@vps60668]
Interne #1 : Démarrage graph
2019-11-26 07:04:44 [@vps60668]
Interne #1 : Démarrage reservation
2019-11-26 07:39:08 [2@vps60668]
Interne #1 : Démarrage watcher
2019-11-26 07:45:17 [2@vps60668]
Interne #1 : Démarrage queuednotificationclean
2019-11-26 07:57:53 [2@vps60668]
Interne #1 : Démarrage ticketrecurrent
2019-11-26 07:59:23 [@vps60668]
Interne #1 : Démarrage contract
2019-11-26 10:37:02 [@vps60668]
Interne #1 : Démarrage mailgateerror
2019-11-26 10:37:42 [@vps60668]
Interne #1 : Démarrage queuednotification
2019-11-26 10:38:07 [@vps60668]
Interne #1 : Démarrage slaticket
2019-11-26 10:51:05 [14@vps60668]
Interne #1 : Démarrage planningrecall
2019-11-26 10:51:12 [@vps60668]
Interne #1 : Démarrage infocom
2019-11-26 10:54:25 [@vps60668]
Interne #1 : Démarrage olaticket
2019-11-26 10:55:37 [@vps60668]
Interne #1 : Démarrage mailgate
2019-11-26 11:00:40 [@vps60668]
Interne #1 : Démarrage temp
2019-11-26 11:13:44 [10@vps60668]
Interne #1 : Démarrage graph
2019-11-26 11:15:41 [@vps60668]
Interne #1 : Démarrage reservation
2019-11-26 11:44:08 [@vps60668]
Interne #1 : Démarrage ticketrecurrent
2019-11-26 11:44:08 [@vps60668]
Interne #1 : Démarrage queuednotification
2019-11-26 11:44:08 [@vps60668]
Ne peut récupérer le verrou sur la BDD
2019-11-26 11:44:11 [@vps60668]
Interne #1 : Démarrage slaticket
2019-11-26 11:44:11 [@vps60668]
Interne #1 : Démarrage planningrecall
2019-11-26 11:48:45 [@vps60668]
Interne #1 : Démarrage olaticket
2019-11-26 12:43:04 [@vps60668]
Interne #1 : Démarrage mailgate
2019-11-26 13:31:58 [@vps60668]
Interne #1 : Démarrage queuednotification
2019-11-26 13:31:58 [@vps60668]
Ne peut récupérer le verrou sur la BDD
2019-11-26 13:31:58 [@vps60668]
Interne #1 : Démarrage slaticket
2019-11-26 13:31:58 [@vps60668]
Interne #1 : Démarrage planningrecall
2019-11-26 13:31:58 [@vps60668]
Ne peut récupérer le verrou sur la BDD
2019-11-26 13:31:59 [2@vps60668]
Interne #1 : Démarrage olaticket
2019-11-26 13:32:00 [@vps60668]
Ne peut récupérer le verrou sur la BDD
2019-11-26 13:32:00 [@vps60668]
Interne #1 : Démarrage temp
2019-11-26 13:32:01 [@vps60668]
Interne #1 : Démarrage graph
2019-11-26 13:32:14 [@vps60668]
Interne #1 : Démarrage reservation
2019-11-26 13:32:14 [@vps60668]
Interne #1 : Démarrage ticketrecurrent
2019-11-26 13:32:15 [@vps60668]
Interne #1 : Démarrage mailgate
2019-11-26 13:32:15 [@vps60668]
Interne #1 : Démarrage queuednotification
2019-11-26 13:32:16 [@vps60668]
Interne #1 : Rien à lancer
2019-11-26 13:32:17 [@vps60668]
Interne #1 : Rien à lancer
2019-11-26 13:32:17 [@vps60668]
Interne #1 : Rien à lancer
2019-11-26 13:32:18 [@vps60668]
Interne #1 : Rien à lancer
2019-11-26 13:32:19 [@vps60668]
Interne #1 : Rien à lancer
2019-11-26 13:32:19 [@vps60668]
Interne #1 : Rien à lancer
2019-11-26 13:32:22 [@vps60668]
Interne #1 : Rien à lancer
2019-11-26 13:33:14 [@vps60668]
Interne #1 : Démarrage queuednotification
2019-11-26 13:38:53 [2@vps60668]
Interne #1 : Démarrage queuednotification
2019-11-26 13:39:07 [@vps60668]
Interne #1 : Démarrage slaticket
2019-11-26 13:39:48 [@vps60668]
Interne #1 : Démarrage planningrecall
2019-11-26 13:44:29 [@vps60668]
Interne #1 : Démarrage olaticket
2019-11-26 14:04:15 [14@vps60668]
Interne #1 : Démarrage queuednotification
2019-11-26 14:10:59 [14@vps60668]
Interne #1 : Démarrage mailgate
2019-11-26 14:12:55 [@vps60668]
Interne #1 : Démarrage slaticket
2019-11-27 11:15:44 [@vps60668]
Interne #1 : Démarrage planningrecall
2019-11-27 11:23:18 [9@vps60668]
Interne #1 : Démarrage olaticket
2019-11-27 11:28:23 [9@vps60668]
Interne #1 : Démarrage queuednotification
2019-11-27 11:35:04 [9@vps60668]
Interne #1 : Démarrage slaticket
2019-11-27 11:45:57 [9@vps60668]
Interne #1 : Démarrage mailgate
2019-11-27 11:47:06 [@vps60668]
Interne #1 : Démarrage graph
2019-11-27 12:08:53 [@vps60668]
Interne #1 : Démarrage reservation
2019-11-27 17:25:57 [2@vps60668]
Interne #1 : Démarrage ticketrecurrent
2019-11-28 07:44:20 [@vps60668]
Interne #1 : Démarrage temp
2019-11-28 07:44:57 [@vps60668]
Interne #1 : Démarrage closeticket
2019-11-28 07:59:45 [2@vps60668]
Interne #1 : Démarrage alertnotclosed
2019-11-28 08:05:15 [2@vps60668]
Interne #1 : Démarrage session
2019-11-28 08:12:37 [14@vps60668]
Interne #1 : Démarrage createinquest
2019-11-28 08:27:57 [2@vps60668]
Interne #1 : Démarrage watcher
2019-11-28 08:33:02 [2@vps60668]
Interne #1 : Démarrage queuednotificationclean
2019-11-28 08:43:08 [2@vps60668]
Interne #1 : Démarrage contract
2019-11-28 09:02:20 [2@vps60668]
Interne #1 : Démarrage mailgateerror
2019-11-28 09:33:40 [2@vps60668]
Interne #1 : Démarrage infocom
2019-11-28 10:03:57 [2@vps60668]
Interne #1 : Démarrage planningrecall
2019-11-28 13:41:30 [14@vps60668]
Interne #1 : Démarrage olaticket
2019-11-28 15:13:15 [2@vps60668]
Interne #1 : Démarrage queuednotification
2019-11-29 08:09:29 [2@vps60668]
Interne #1 : Démarrage slaticket
2019-11-29 08:14:48 [2@vps60668]
Interne #1 : Démarrage mailgate
2019-11-29 12:05:39 [2@vps60668]
Interne #1 : Démarrage graph
2019-11-29 12:10:49 [2@vps60668]
Interne #1 : Démarrage reservation
2019-11-29 12:19:02 [2@vps60668]
Interne #1 : Démarrage ticketrecurrent
2019-11-30 11:34:15 [2@vps60668]
Interne #1 : Démarrage temp
2019-11-30 11:40:34 [2@vps60668]
Interne #1 : Démarrage planningrecall
2019-11-30 11:50:37 [2@vps60668]
Interne #1 : Démarrage olaticket
2019-11-30 18:37:57 [2@vps60668]
Interne #1 : Démarrage queuednotification
2019-12-01 10:57:39 [2@vps60668]
Interne #1 : Démarrage closeticket
2019-12-01 11:39:52 [14@vps60668]
Interne #1 : Démarrage alertnotclosed
2019-12-01 12:52:50 [2@vps60668]
Interne #1 : Démarrage session
2019-12-01 12:53:50 [2@vps60668]
Interne #1 : Démarrage createinquest
2019-12-01 12:59:45 [2@vps60668]
Interne #1 : Démarrage slaticket
2019-12-01 13:00:13 [2@vps60668]
Interne #1 : Démarrage mailgate
2019-12-01 13:06:35 [2@vps60668]
Interne #1 : Démarrage watcher
2019-12-01 13:46:10 [2@vps60668]
Interne #1 : Démarrage queuednotificationclean
2019-12-01 14:10:28 [2@vps60668]
Interne #1 : Démarrage contract
2019-12-01 14:18:03 [2@vps60668]
Interne #1 : Démarrage mailgateerror
2019-12-01 14:55:08 [2@vps60668]
Interne #1 : Démarrage infocom
