2019-11-08 16:29:44 [7@vps60668]
Un courriel pour eliematcheme@gmail.com a été ajouté à la file d'attente : [GLPI #0000005] Nouveau ticket groupe en panne
2019-11-08 16:30:20 [@vps60668]
Un email a été envoyé à eliematcheme@gmail.com : [GLPI #0000005] Nouveau ticket groupe en panne
2019-11-08 16:33:46 [4@vps60668]
Un courriel pour eliematcheme@gmail.com a été ajouté à la file d'attente : [GLPI #0000005] Nouveau suivi groupe en panne
2019-11-08 16:34:43 [2@vps60668]
Un courriel pour eliematcheme@gmail.com a été ajouté à la file d'attente : [GLPI #0000005] Nouveau suivi groupe en panne
2019-11-08 16:35:34 [4@vps60668]
Un courriel pour eliematcheme@gmail.com a été ajouté à la file d'attente : [GLPI #0000005] Ticket résolu groupe en panne
2019-11-08 16:35:34 [4@vps60668]
Un email a été envoyé à eliematcheme@gmail.com : [GLPI #0000005] Ticket résolu groupe en panne
2019-11-08 19:41:59 [7@vps60668]
Un courriel pour eliematcheme@gmail.com a été ajouté à la file d'attente : [GLPI #0000006] Nouveau ticket montre
2019-11-08 19:41:59 [7@vps60668]
Un email a été envoyé à eliematcheme@gmail.com : [GLPI #0000006] Nouveau ticket montre
2019-11-08 20:00:40 [12@vps60668]
Un courriel pour eliematcheme@gmail.com a été ajouté à la file d'attente : [GLPI #0000007] Nouveau ticket cordon
2019-11-08 20:00:40 [12@vps60668]
Un email a été envoyé à eliematcheme@gmail.com : [GLPI #0000007] Nouveau ticket cordon
2019-11-08 20:08:56 [14@vps60668]
Un courriel pour eliematcheme@gmail.com a été ajouté à la file d'attente : [GLPI #0000007] Nouveau suivi cordon
2019-11-08 20:09:14 [@vps60668]
Un email a été envoyé à eliematcheme@gmail.com : [GLPI #0000007] Nouveau suivi cordon
2019-11-08 20:12:57 [13@vps60668]
Un courriel pour eliematcheme@gmail.com a été ajouté à la file d'attente : [GLPI #0000007] Ticket résolu cordon
2019-11-08 20:13:59 [13@vps60668]
Un email a été envoyé à eliematcheme@gmail.com : [GLPI #0000007] Ticket résolu cordon
2019-11-08 20:25:38 [12@vps60668]
Un courriel pour eliematcheme@gmail.com a été ajouté à la file d'attente : [GLPI #0000007] Clôture du ticket cordon
2019-11-08 20:25:38 [12@vps60668]
Un email a été envoyé à eliematcheme@gmail.com : [GLPI #0000007] Clôture du ticket cordon
2019-11-09 18:01:14 [10@vps60668]
Un courriel pour eliematcheme@gmail.com a été ajouté à la file d'attente : [GLPI #0000006] Ticket résolu montre
2019-11-09 18:01:14 [10@vps60668]
Un email a été envoyé à eliematcheme@gmail.com : [GLPI #0000006] Ticket résolu montre
2019-11-09 18:10:49 [7@vps60668]
Un courriel pour eliematcheme@gmail.com a été ajouté à la file d'attente : [GLPI #0000006] Nouveau suivi montre
2019-11-09 23:20:50 [2@vps60668]
Un email a été envoyé à eliematcheme@gmail.com : [GLPI #0000006] Nouveau suivi montre
2019-11-09 23:36:49 [7@vps60668]
Un courriel pour eliematcheme@gmail.com a été ajouté à la file d'attente : [GLPI #0000008] Nouveau ticket ampoule
2019-11-09 23:36:49 [7@vps60668]
Un email a été envoyé à eliematcheme@gmail.com : [GLPI #0000008] Nouveau ticket ampoule
2019-11-09 23:40:30 [2@vps60668]
Un courriel pour eliematcheme@gmail.com a été ajouté à la file d'attente : [GLPI #0000008] Nouveau suivi ampoule
2019-11-09 23:49:38 [13@vps60668]
Un courriel pour eliematcheme@gmail.com a été ajouté à la file d'attente : [GLPI #0000008] Ticket résolu ampoule
2019-11-09 23:49:38 [13@vps60668]
Un email a été envoyé à eliematcheme@gmail.com : [GLPI #0000008] Ticket résolu ampoule
2019-11-09 23:53:06 [7@vps60668]
Un courriel pour eliematcheme@gmail.com a été ajouté à la file d'attente : [GLPI #0000008] Clôture du ticket ampoule
2019-11-09 23:56:01 [7@vps60668]
Un courriel pour eliematcheme@gmail.com a été ajouté à la file d'attente : [GLPI #0000005] Clôture du ticket groupe en panne
2019-11-09 23:57:08 [7@vps60668]
Un courriel pour eliematcheme@gmail.com a été ajouté à la file d'attente : [GLPI #0000002] Nouveau suivi Prise en panne
2019-11-09 23:57:09 [7@vps60668]
Un email a été envoyé à eliematcheme@gmail.com : [GLPI #0000008] Clôture du ticket ampoule
2019-11-09 23:57:09 [7@vps60668]
Un email a été envoyé à eliematcheme@gmail.com : [GLPI #0000005] Clôture du ticket groupe en panne
2019-11-09 23:57:09 [7@vps60668]
Un email a été envoyé à eliematcheme@gmail.com : [GLPI #0000002] Nouveau suivi Prise en panne
2019-11-10 12:16:21 [12@vps60668]
Un courriel pour reussite2019@gmail.com a été ajouté à la file d'attente : [GLPI #0000009] Nouvel utilisateur demandeur camera
2019-11-10 12:16:22 [12@vps60668]
Un courriel pour eliematcheme@gmail.com a été ajouté à la file d'attente : [GLPI #0000009] Nouvel utilisateur observateur camera
2019-11-10 12:16:22 [12@vps60668]
Un courriel pour eliematcheme@gmail.com a été ajouté à la file d'attente : [GLPI #0000009] Nouveau ticket camera
2019-11-10 12:16:22 [12@vps60668]
Un courriel pour reussite2019@gmail.com a été ajouté à la file d'attente : [GLPI #0000009] Nouveau ticket camera
2019-11-10 12:16:22 [12@vps60668]
Un email a été envoyé à eliematcheme@gmail.com : [GLPI #0000009] Nouveau ticket camera
2019-11-10 12:26:50 [2@vps60668]
Un email a été envoyé à reussite2019@gmail.com : [GLPI #0000009] Nouveau ticket camera
2019-11-10 12:26:50 [2@vps60668]
Un courriel pour eliematcheme@gmail.com a été ajouté à la file d'attente : [GLPI #0000009] Nouveau suivi camera
2019-11-10 12:26:50 [2@vps60668]
Un courriel pour reussite2019@gmail.com a été ajouté à la file d'attente : [GLPI #0000009] Nouveau suivi camera
2019-11-10 12:27:54 [2@vps60668]
Un email a été envoyé à eliematcheme@gmail.com : [GLPI #0000009] Nouveau suivi camera
2019-11-10 12:31:25 [@vps60668]
Un email a été envoyé à reussite2019@gmail.com : [GLPI #0000009] Nouveau suivi camera
2019-11-10 12:35:22 [13@vps60668]
Un courriel pour eliematcheme@gmail.com a été ajouté à la file d'attente : [GLPI #0000009] Ticket résolu camera
2019-11-10 12:35:22 [13@vps60668]
Un courriel pour reussite2019@gmail.com a été ajouté à la file d'attente : [GLPI #0000009] Ticket résolu camera
2019-11-10 12:36:14 [13@vps60668]
Un email a été envoyé à eliematcheme@gmail.com : [GLPI #0000009] Ticket résolu camera
2019-11-10 12:40:08 [12@vps60668]
Un courriel pour eliematcheme@gmail.com a été ajouté à la file d'attente : [GLPI #0000009] Clôture du ticket camera
2019-11-10 12:40:08 [12@vps60668]
Un courriel pour reussite2019@gmail.com a été ajouté à la file d'attente : [GLPI #0000009] Clôture du ticket camera
2019-11-10 12:40:08 [12@vps60668]
Un email a été envoyé à eliematcheme@gmail.com : [GLPI #0000009] Clôture du ticket camera
2019-11-10 12:51:08 [13@vps60668]
Un courriel pour eliematcheme@gmail.com a été ajouté à la file d'attente : [GLPI #0000002] Ticket résolu Prise en panne
2019-11-10 12:51:08 [13@vps60668]
Un courriel pour matchemee@yahoo.fr a été ajouté à la file d'attente : [GLPI #0000002] Ticket résolu Prise en panne
2019-11-10 12:51:08 [13@vps60668]
Un email a été envoyé à eliematcheme@gmail.com : [GLPI #0000002] Ticket résolu Prise en panne
2019-11-10 12:51:52 [13@vps60668]
Un courriel pour eliematcheme@gmail.com a été ajouté à la file d'attente : [GLPI #0000006] Ticket résolu montre
2019-11-10 12:52:36 [13@vps60668]
Un courriel pour eliematcheme@gmail.com a été ajouté à la file d'attente : [GLPI #0000001] Ticket résolu Climatiseur en panne
2019-11-10 12:53:18 [@vps60668]
Un email a été envoyé à reussite2019@gmail.com : [GLPI #0000009] Clôture du ticket camera
2019-11-10 12:53:18 [@vps60668]
Un email a été envoyé à matchemee@yahoo.fr : [GLPI #0000002] Ticket résolu Prise en panne
2019-11-10 12:53:18 [@vps60668]
Un email a été envoyé à eliematcheme@gmail.com : [GLPI #0000006] Ticket résolu montre
2019-11-10 12:53:18 [@vps60668]
Un email a été envoyé à eliematcheme@gmail.com : [GLPI #0000001] Ticket résolu Climatiseur en panne
2019-11-10 12:54:06 [7@vps60668]
Un courriel pour eliematcheme@gmail.com a été ajouté à la file d'attente : [GLPI #0000006] Clôture du ticket montre
2019-11-10 12:54:44 [7@vps60668]
Un courriel pour eliematcheme@gmail.com a été ajouté à la file d'attente : [GLPI #0000002] Clôture du ticket Prise en panne
2019-11-10 12:54:44 [7@vps60668]
Un courriel pour matchemee@yahoo.fr a été ajouté à la file d'attente : [GLPI #0000002] Clôture du ticket Prise en panne
2019-11-10 12:54:44 [7@vps60668]
Un email a été envoyé à eliematcheme@gmail.com : [GLPI #0000002] Clôture du ticket Prise en panne
2019-11-10 12:55:17 [7@vps60668]
Un courriel pour eliematcheme@gmail.com a été ajouté à la file d'attente : [GLPI #0000003] Clôture du ticket télephone en panne
2019-11-10 12:55:17 [7@vps60668]
Un courriel pour matchemee@yahoo.com a été ajouté à la file d'attente : [GLPI #0000003] Clôture du ticket télephone en panne
2019-11-10 12:57:41 [7@vps60668]
Un courriel pour eliematcheme@gmail.com a été ajouté à la file d'attente : [GLPI #0000010] Nouvel utilisateur observateur controle d'acces
2019-11-10 12:57:41 [7@vps60668]
Un courriel pour eliematcheme@gmail.com a été ajouté à la file d'attente : [GLPI #0000010] Nouveau ticket controle d'acces
2019-11-10 13:00:09 [2@vps60668]
Un email a été envoyé à eliematcheme@gmail.com : [GLPI #0000010] Nouveau ticket controle d'acces
2019-11-10 13:01:03 [2@vps60668]
Un courriel pour eliematcheme@gmail.com a été ajouté à la file d'attente : [GLPI #0000010] Nouveau suivi controle d'acces
2019-11-10 13:02:21 [7@vps60668]
Un courriel pour eliematcheme@gmail.com a été ajouté à la file d'attente : [GLPI #0000010] Nouveau suivi controle d'acces
2019-11-10 13:04:37 [13@vps60668]
Un courriel pour eliematcheme@gmail.com a été ajouté à la file d'attente : [GLPI #0000010] Ticket résolu controle d'acces
2019-11-10 13:05:07 [13@vps60668]
Un email a été envoyé à eliematcheme@gmail.com : [GLPI #0000010] Ticket résolu controle d'acces
2019-11-10 13:06:26 [7@vps60668]
Un courriel pour eliematcheme@gmail.com a été ajouté à la file d'attente : [GLPI #0000010] Nouveau suivi controle d'acces
2019-11-10 13:06:43 [@vps60668]
Un email a été envoyé à eliematcheme@gmail.com : [GLPI #0000006] Clôture du ticket montre
2019-11-10 13:06:43 [@vps60668]
Un email a été envoyé à matchemee@yahoo.fr : [GLPI #0000002] Clôture du ticket Prise en panne
2019-11-10 13:06:43 [@vps60668]
Un email a été envoyé à eliematcheme@gmail.com : [GLPI #0000003] Clôture du ticket télephone en panne
2019-11-10 13:06:43 [@vps60668]
Un email a été envoyé à matchemee@yahoo.com : [GLPI #0000003] Clôture du ticket télephone en panne
2019-11-10 13:06:43 [@vps60668]
Un email a été envoyé à eliematcheme@gmail.com : [GLPI #0000010] Nouveau suivi controle d'acces
2019-11-10 13:07:46 [13@vps60668]
Un courriel pour eliematcheme@gmail.com a été ajouté à la file d'attente : [GLPI #0000010] Ticket résolu controle d'acces
2019-11-10 13:10:27 [13@vps60668]
Un email a été envoyé à eliematcheme@gmail.com : [GLPI #0000010] Ticket résolu controle d'acces
2019-11-10 13:13:38 [13@vps60668]
Un courriel pour eliematcheme@gmail.com a été ajouté à la file d'attente : [GLPI #0000010] Ticket résolu controle d'acces
2019-11-10 13:15:26 [7@vps60668]
Un courriel pour eliematcheme@gmail.com a été ajouté à la file d'attente : [GLPI #0000010] Clôture du ticket controle d'acces
2019-11-10 13:16:09 [@vps60668]
Un email a été envoyé à eliematcheme@gmail.com : [GLPI #0000010] Clôture du ticket controle d'acces
2019-11-10 13:19:48 [5@vps60668]
Un courriel pour eliematcheme@gmail.com a été ajouté à la file d'attente : [GLPI #0000001] Clôture du ticket Climatiseur en panne
2019-11-10 16:44:50 [2@vps60668]
Un email a été envoyé à eliematcheme@gmail.com : [GLPI #0000001] Clôture du ticket Climatiseur en panne
2019-11-10 16:48:34 [12@vps60668]
Un courriel pour eliematcheme@gmail.com a été ajouté à la file d'attente : [GLPI #0000011] Nouvel utilisateur observateur surpresseur
2019-11-10 16:48:34 [12@vps60668]
Un courriel pour eliematcheme@gmail.com a été ajouté à la file d'attente : [GLPI #0000011] Nouveau ticket surpresseur
2019-11-10 16:48:34 [12@vps60668]
Un email a été envoyé à eliematcheme@gmail.com : [GLPI #0000011] Nouveau ticket surpresseur
2019-11-10 17:02:32 [2@vps60668]
Un courriel pour eliematcheme@gmail.com a été ajouté à la file d'attente : [GLPI #0000011] Nouveau suivi surpresseur
2019-11-10 17:05:49 [13@vps60668]
Un courriel pour eliematcheme@gmail.com a été ajouté à la file d'attente : [GLPI #0000011] Ticket résolu surpresseur
2019-11-10 17:05:49 [13@vps60668]
Un email a été envoyé à eliematcheme@gmail.com : [GLPI #0000011] Ticket résolu surpresseur
2019-11-10 17:08:02 [12@vps60668]
Un courriel pour eliematcheme@gmail.com a été ajouté à la file d'attente : [GLPI #0000011] Clôture du ticket surpresseur
2019-11-10 17:08:35 [13@vps60668]
Un email a été envoyé à eliematcheme@gmail.com : [GLPI #0000011] Clôture du ticket surpresseur
2019-11-10 17:25:47 [10@vps60668]
Un courriel pour eliematcheme@gmail.com a été ajouté à la file d'attente : [GLPI #0000003] Nouveau suivi télephone en panne
2019-11-10 17:25:47 [10@vps60668]
Un courriel pour matchemee@yahoo.com a été ajouté à la file d'attente : [GLPI #0000003] Nouveau suivi télephone en panne
2019-11-10 17:26:04 [10@vps60668]
Un email a été envoyé à eliematcheme@gmail.com : [GLPI #0000003] Nouveau suivi télephone en panne
2019-11-10 17:34:05 [10@vps60668]
Un email a été envoyé à matchemee@yahoo.com : [GLPI #0000003] Nouveau suivi télephone en panne
2019-11-10 17:34:39 [10@vps60668]
Un courriel pour eliematcheme@gmail.com a été ajouté à la file d'attente : [GLPI #0000003] Suppression d'un ticket télephone en panne
2019-11-10 17:37:07 [10@vps60668]
Un courriel pour eliematcheme@gmail.com a été ajouté à la file d'attente : [GLPI #0000003] Suppression d'un ticket télephone en panne
2019-11-10 17:37:08 [10@vps60668]
Un courriel pour eliematcheme@gmail.com a été ajouté à la file d'attente : [GLPI #0000003] Suppression d'un suivi télephone en panne
2019-11-10 17:37:08 [10@vps60668]
Un courriel pour matchemee@yahoo.com a été ajouté à la file d'attente : [GLPI #0000003] Suppression d'un suivi télephone en panne
2019-11-10 17:37:08 [10@vps60668]
Un courriel pour eliematcheme@gmail.com a été ajouté à la file d'attente : [GLPI #0000003] Suppression d'un suivi télephone en panne
2019-11-10 17:37:08 [10@vps60668]
Un courriel pour matchemee@yahoo.com a été ajouté à la file d'attente : [GLPI #0000003] Suppression d'un suivi télephone en panne
2019-11-10 17:37:08 [10@vps60668]
Un courriel pour eliematcheme@gmail.com a été ajouté à la file d'attente : [GLPI #0000003] Suppression d'un suivi télephone en panne
2019-11-10 17:37:08 [10@vps60668]
Un courriel pour matchemee@yahoo.com a été ajouté à la file d'attente : [GLPI #0000003] Suppression d'un suivi télephone en panne
2019-11-10 17:37:08 [10@vps60668]
Un email a été envoyé à eliematcheme@gmail.com : [GLPI #0000003] Suppression d'un suivi télephone en panne
2019-11-10 17:37:08 [10@vps60668]
Un email a été envoyé à matchemee@yahoo.com : [GLPI #0000003] Suppression d'un suivi télephone en panne
2019-11-10 17:44:31 [12@vps60668]
Un courriel pour eliematcheme@gmail.com a été ajouté à la file d'attente : [GLPI #0000012] Nouvel utilisateur observateur barière 
2019-11-10 17:44:31 [12@vps60668]
Un courriel pour eliematcheme@gmail.com a été ajouté à la file d'attente : [GLPI #0000012] Nouveau ticket barière 
2019-11-10 17:48:27 [2@vps60668]
Un email a été envoyé à eliematcheme@gmail.com : [GLPI #0000012] Nouveau ticket barière 
2019-11-10 17:55:24 [2@vps60668]
Un courriel pour eliematcheme@gmail.com a été ajouté à la file d'attente : [GLPI #0000012] Nouveau suivi barière 
2019-11-10 17:57:48 [13@vps60668]
Un courriel pour eliematcheme@gmail.com a été ajouté à la file d'attente : [GLPI #0000012] Ticket résolu barière 
2019-11-10 17:59:18 [12@vps60668]
Un courriel pour eliematcheme@gmail.com a été ajouté à la file d'attente : [GLPI #0000012] Clôture du ticket barière 
2019-11-10 19:16:27 [@vps60668]
Un email a été envoyé à eliematcheme@gmail.com : [GLPI #0000012] Clôture du ticket barière 
2019-11-10 23:37:35 [12@vps60668]
Un courriel pour eliematcheme@gmail.com a été ajouté à la file d'attente : [GLPI #0000013] Nouvel utilisateur observateur onduleur
2019-11-10 23:37:35 [12@vps60668]
Un courriel pour eliematcheme@gmail.com a été ajouté à la file d'attente : [GLPI #0000013] Nouveau ticket onduleur
2019-11-10 23:37:36 [12@vps60668]
Un email a été envoyé à eliematcheme@gmail.com : [GLPI #0000013] Nouveau ticket onduleur
2019-11-10 23:39:17 [2@vps60668]
Un courriel pour matchemee@yahoo.fr a été ajouté à la file d'attente : [GLPI #0000013] Nouvel utilisateur responsable onduleur
2019-11-10 23:40:56 [2@vps60668]
Un courriel pour eliematcheme@gmail.com a été ajouté à la file d'attente : [GLPI #0000013] Nouveau suivi onduleur
2019-11-10 23:41:47 [2@vps60668]
Un email a été envoyé à matchemee@yahoo.fr : [GLPI #0000013] Nouvel utilisateur responsable onduleur
2019-11-10 23:46:00 [@vps60668]
Un email a été envoyé à eliematcheme@gmail.com : [GLPI #0000013] Nouveau suivi onduleur
2019-11-10 23:55:57 [2@vps60668]
Un courriel pour eliematcheme@gmail.com a été ajouté à la file d'attente : [GLPI #0000013] Ticket résolu onduleur
2019-11-10 23:56:16 [@vps60668]
Un email a été envoyé à eliematcheme@gmail.com : [GLPI #0000013] Ticket résolu onduleur
2019-11-11 00:03:50 [10@vps60668]
Un courriel pour eliematcheme@gmail.com a été ajouté à la file d'attente : [GLPI #0000013] Clôture du ticket onduleur
2019-11-11 00:03:50 [10@vps60668]
Un email a été envoyé à eliematcheme@gmail.com : [GLPI #0000013] Clôture du ticket onduleur
2019-11-11 10:41:05 [12@vps60668]
Un courriel pour eliematcheme@gmail.com a été ajouté à la file d'attente : [GLPI #0000014] Nouvel utilisateur observateur climatiseur
2019-11-11 10:41:05 [12@vps60668]
Un courriel pour eliematcheme@gmail.com a été ajouté à la file d'attente : [GLPI #0000014] Nouveau ticket climatiseur
2019-11-11 10:46:35 [2@vps60668]
Un email a été envoyé à eliematcheme@gmail.com : [GLPI #0000014] Nouveau ticket climatiseur
2019-11-11 10:49:24 [2@vps60668]
Un courriel pour eliematcheme@gmail.com a été ajouté à la file d'attente : [GLPI #0000014] Nouveau suivi climatiseur
2019-11-11 14:15:51 [@vps60668]
Un email a été envoyé à eliematcheme@gmail.com : [GLPI #0000014] Nouveau suivi climatiseur
2019-11-11 16:18:02 [4@vps60668]
Un courriel pour eliematcheme@gmail.com a été ajouté à la file d'attente : [GLPI #0000014] Ticket résolu climatiseur
2019-11-11 16:18:08 [@vps60668]
Un email a été envoyé à eliematcheme@gmail.com : [GLPI #0000014] Ticket résolu climatiseur
2019-11-11 16:18:45 [12@vps60668]
Un courriel pour eliematcheme@gmail.com a été ajouté à la file d'attente : [GLPI #0000014] Clôture du ticket climatiseur
2019-11-18 19:34:50 [14@vps60668]
Un courriel pour eliematcheme@gmail.com a été ajouté à la file d'attente : [GLPI #0000021] Nouvel utilisateur demandeur Fenêtre cassée
2019-11-18 19:34:50 [14@vps60668]
Un courriel pour eliematcheme@gmail.com a été ajouté à la file d'attente : [GLPI #0000021] Nouvel utilisateur observateur Fenêtre cassée
2019-11-18 19:34:51 [14@vps60668]
Un courriel pour eliematcheme@gmail.com a été ajouté à la file d'attente : [GLPI #0000021] Nouvel utilisateur observateur Fenêtre cassée
2019-11-18 19:34:51 [14@vps60668]
Un courriel pour maintcsph@gmail.com a été ajouté à la file d'attente : [GLPI #0000021] Nouveau ticket Fenêtre cassée
2019-11-18 19:34:51 [14@vps60668]
Un courriel pour eliematcheme@gmail.com a été ajouté à la file d'attente : [GLPI #0000021] Nouveau ticket Fenêtre cassée
2019-11-26 06:50:53 [14@vps60668]
Un courriel pour eliematcheme@gmail.com a été ajouté à la file d'attente : [GLPI #0000032] Nouvel utilisateur demandeur ordinateur gaté
2019-11-26 06:50:53 [14@vps60668]
Un courriel pour maintcsph@gmail.com a été ajouté à la file d'attente : [GLPI #0000032] Nouveau ticket ordinateur gaté
2019-11-26 06:50:53 [14@vps60668]
Un courriel pour eliematcheme@gmail.com a été ajouté à la file d'attente : [GLPI #0000032] Nouveau ticket ordinateur gaté
2019-11-26 06:55:42 [2@vps60668]
Un courriel pour maintcsph@gmail.com a été ajouté à la file d'attente : [GLPI #0000032] Nouveau suivi ordinateur gaté
2019-11-26 06:55:42 [2@vps60668]
Un courriel pour eliematcheme@gmail.com a été ajouté à la file d'attente : [GLPI #0000032] Nouveau suivi ordinateur gaté
2019-11-26 07:02:07 [10@vps60668]
Un courriel pour maintcsph@gmail.com a été ajouté à la file d'attente : [GLPI #0000032] Nouvelle tâche ordinateur gaté
2019-11-26 07:02:07 [10@vps60668]
Un courriel pour eliematcheme@gmail.com a été ajouté à la file d'attente : [GLPI #0000032] Nouvelle tâche ordinateur gaté
2019-11-26 07:04:04 [2@vps60668]
Un courriel pour maintcsph@gmail.com a été ajouté à la file d'attente : [GLPI #0000032] Ticket résolu ordinateur gaté
2019-11-26 07:04:04 [2@vps60668]
Un courriel pour eliematcheme@gmail.com a été ajouté à la file d'attente : [GLPI #0000032] Ticket résolu ordinateur gaté
2019-11-26 07:05:17 [14@vps60668]
Un courriel pour maintcsph@gmail.com a été ajouté à la file d'attente : [GLPI #0000032] Clôture du ticket ordinateur gaté
2019-11-26 07:05:17 [14@vps60668]
Un courriel pour eliematcheme@gmail.com a été ajouté à la file d'attente : [GLPI #0000032] Clôture du ticket ordinateur gaté
